2018-06-03 14:08:11,643 DEBUG [Forwarding newSession on session null to remote] RequestAddCookies:122 - CookieSpec selected: default
2018-06-03 14:08:11,660 DEBUG [Forwarding newSession on session null to remote] RequestAuthCache:76 - Auth cache not set in the context
2018-06-03 14:08:11,662 DEBUG [Forwarding newSession on session null to remote] PoolingHttpClientConnectionManager:249 - Connection request: [route: {}->http://localhost:35017][total kept alive: 0; route allocated: 0 of 2000; total allocated: 0 of 2000]
2018-06-03 14:08:11,678 DEBUG [Forwarding newSession on session null to remote] PoolingHttpClientConnectionManager:282 - Connection leased: [id: 0][route: {}->http://localhost:35017][total kept alive: 0; route allocated: 1 of 2000; total allocated: 1 of 2000]
2018-06-03 14:08:11,680 DEBUG [Forwarding newSession on session null to remote] MainClientExec:234 - Opening connection {}->http://localhost:35017
2018-06-03 14:08:11,682 DEBUG [Forwarding newSession on session null to remote] DefaultHttpClientConnectionOperator:131 - Connecting to localhost/127.0.0.1:35017
2018-06-03 14:08:11,683 DEBUG [Forwarding newSession on session null to remote] DefaultHttpClientConnectionOperator:138 - Connection established 127.0.0.1:54906<->127.0.0.1:35017
2018-06-03 14:08:11,684 DEBUG [Forwarding newSession on session null to remote] DefaultManagedHttpClientConnection:90 - http-outgoing-0: set socket timeout to 10800000
2018-06-03 14:08:11,684 DEBUG [Forwarding newSession on session null to remote] MainClientExec:255 - Executing request POST /session HTTP/1.1
2018-06-03 14:08:11,684 DEBUG [Forwarding newSession on session null to remote] MainClientExec:260 - Target auth state: UNCHALLENGED
2018-06-03 14:08:11,685 DEBUG [Forwarding newSession on session null to remote] MainClientExec:266 - Proxy auth state: UNCHALLENGED
2018-06-03 14:08:11,687 DEBUG [Forwarding newSession on session null to remote] headers:135 - http-outgoing-0 >> POST /session HTTP/1.1
2018-06-03 14:08:11,687 DEBUG [Forwarding newSession on session null to remote] headers:138 - http-outgoing-0 >> Content-Type: application/json; charset=utf-8
2018-06-03 14:08:11,688 DEBUG [Forwarding newSession on session null to remote] headers:138 - http-outgoing-0 >> Content-Length: 122
2018-06-03 14:08:11,688 DEBUG [Forwarding newSession on session null to remote] headers:138 - http-outgoing-0 >> Host: localhost:35017
2018-06-03 14:08:11,688 DEBUG [Forwarding newSession on session null to remote] headers:138 - http-outgoing-0 >> Connection: Keep-Alive
2018-06-03 14:08:11,690 DEBUG [Forwarding newSession on session null to remote] headers:138 - http-outgoing-0 >> User-Agent: Apache-HttpClient/4.5.1 (Java/1.8.0_161)
2018-06-03 14:08:11,691 DEBUG [Forwarding newSession on session null to remote] headers:138 - http-outgoing-0 >> Accept-Encoding: gzip,deflate
2018-06-03 14:08:11,692 DEBUG [Forwarding newSession on session null to remote] wire:72 - http-outgoing-0 >> "POST /session HTTP/1.1[\r][\n]"
2018-06-03 14:08:11,692 DEBUG [Forwarding newSession on session null to remote] wire:72 - http-outgoing-0 >> "Content-Type: application/json; charset=utf-8[\r][\n]"
2018-06-03 14:08:11,692 DEBUG [Forwarding newSession on session null to remote] wire:72 - http-outgoing-0 >> "Content-Length: 122[\r][\n]"
2018-06-03 14:08:11,693 DEBUG [Forwarding newSession on session null to remote] wire:72 - http-outgoing-0 >> "Host: localhost:35017[\r][\n]"
2018-06-03 14:08:11,693 DEBUG [Forwarding newSession on session null to remote] wire:72 - http-outgoing-0 >> "Connection: Keep-Alive[\r][\n]"
2018-06-03 14:08:11,694 DEBUG [Forwarding newSession on session null to remote] wire:72 - http-outgoing-0 >> "User-Agent: Apache-HttpClient/4.5.1 (Java/1.8.0_161)[\r][\n]"
2018-06-03 14:08:11,694 DEBUG [Forwarding newSession on session null to remote] wire:72 - http-outgoing-0 >> "Accept-Encoding: gzip,deflate[\r][\n]"
2018-06-03 14:08:11,694 DEBUG [Forwarding newSession on session null to remote] wire:72 - http-outgoing-0 >> "[\r][\n]"
2018-06-03 14:08:11,695 DEBUG [Forwarding newSession on session null to remote] wire:86 - http-outgoing-0 >> "{"desiredCapabilities":{"browserName":"chrome","chromeOptions":{"args":[],"extensions":[]},"version":"","platform":"ANY"}}"
2018-06-03 14:08:15,264 DEBUG [Forwarding newSession on session null to remote] wire:72 - http-outgoing-0 << "HTTP/1.1 200 OK[\r][\n]"
2018-06-03 14:08:15,264 DEBUG [Forwarding newSession on session null to remote] wire:72 - http-outgoing-0 << "Content-Length:827[\r][\n]"
2018-06-03 14:08:15,265 DEBUG [Forwarding newSession on session null to remote] wire:72 - http-outgoing-0 << "Content-Type:application/json; charset=utf-8[\r][\n]"
2018-06-03 14:08:15,266 DEBUG [Forwarding newSession on session null to remote] wire:72 - http-outgoing-0 << "[\r][\n]"
2018-06-03 14:08:15,266 DEBUG [Forwarding newSession on session null to remote] wire:86 - http-outgoing-0 << "{"sessionId":"d22362a6f32c72f0139cd2f78b92badb","status":0,"value":{"acceptInsecureCerts":false,"acceptSslCerts":false,"applicationCacheEnabled":false,"browserConnectionEnabled":false,"browserName":"chrome","chrome":{"chromedriverVersion":"2.36.540470 (e522d04694c7ebea4ba8821272dbef4f9b818c91)","userDataDir":"C:\\Users\\User\\AppData\\Local\\Temp\\scoped_dir5980_9916"},"cssSelectorsEnabled":true,"databaseEnabled":false,"handlesAlerts":true,"hasTouchScreen":false,"javascriptEnabled":true,"locationContextEnabled":true,"mobileEmulationEnabled":false,"nativeEvents":true,"networkConnectionEnabled":false,"pageLoadStrategy":"normal","platform":"Windows NT","rotatable":false,"setWindowRect":true,"takesHeapSnapshot":true,"takesScreenshot":true,"unexpectedAlertBehaviour":"","version":"66.0.3359.181","webStorageEnabled":true}}"
2018-06-03 14:08:15,273 DEBUG [Forwarding newSession on session null to remote] headers:124 - http-outgoing-0 << HTTP/1.1 200 OK
2018-06-03 14:08:15,273 DEBUG [Forwarding newSession on session null to remote] headers:127 - http-outgoing-0 << Content-Length:827
2018-06-03 14:08:15,274 DEBUG [Forwarding newSession on session null to remote] headers:127 - http-outgoing-0 << Content-Type:application/json; charset=utf-8
2018-06-03 14:08:15,279 DEBUG [Forwarding newSession on session null to remote] MainClientExec:284 - Connection can be kept alive indefinitely
2018-06-03 14:08:15,286 DEBUG [Forwarding newSession on session null to remote] PoolingHttpClientConnectionManager:314 - Connection [id: 0][route: {}->http://localhost:35017] can be kept alive indefinitely
2018-06-03 14:08:15,286 DEBUG [Forwarding newSession on session null to remote] PoolingHttpClientConnectionManager:320 - Connection released: [id: 0][route: {}->http://localhost:35017][total kept alive: 1; route allocated: 1 of 2000; total allocated: 1 of 2000]
2018-06-03 14:08:15,305 DEBUG [Forwarding maximizeWindow on session d22362a6f32c72f0139cd2f78b92badb to remote] RequestAddCookies:122 - CookieSpec selected: default
2018-06-03 14:08:15,306 DEBUG [Forwarding maximizeWindow on session d22362a6f32c72f0139cd2f78b92badb to remote] RequestAuthCache:76 - Auth cache not set in the context
2018-06-03 14:08:15,307 DEBUG [Forwarding maximizeWindow on session d22362a6f32c72f0139cd2f78b92badb to remote] PoolingHttpClientConnectionManager:249 - Connection request: [route: {}->http://localhost:35017][total kept alive: 1; route allocated: 1 of 2000; total allocated: 1 of 2000]
2018-06-03 14:08:15,307 DEBUG [Forwarding maximizeWindow on session d22362a6f32c72f0139cd2f78b92badb to remote] PoolingHttpClientConnectionManager:282 - Connection leased: [id: 0][route: {}->http://localhost:35017][total kept alive: 0; route allocated: 1 of 2000; total allocated: 1 of 2000]
2018-06-03 14:08:15,308 DEBUG [Forwarding maximizeWindow on session d22362a6f32c72f0139cd2f78b92badb to remote] MainClientExec:207 - Stale connection check
2018-06-03 14:08:15,309 DEBUG [Forwarding maximizeWindow on session d22362a6f32c72f0139cd2f78b92badb to remote] wire:86 - http-outgoing-0 << "[read] I/O error: Read timed out"
2018-06-03 14:08:15,309 DEBUG [Forwarding maximizeWindow on session d22362a6f32c72f0139cd2f78b92badb to remote] DefaultManagedHttpClientConnection:90 - http-outgoing-0: set socket timeout to 10800000
2018-06-03 14:08:15,309 DEBUG [Forwarding maximizeWindow on session d22362a6f32c72f0139cd2f78b92badb to remote] MainClientExec:255 - Executing request POST /session/d22362a6f32c72f0139cd2f78b92badb/window/current/maximize HTTP/1.1
2018-06-03 14:08:15,310 DEBUG [Forwarding maximizeWindow on session d22362a6f32c72f0139cd2f78b92badb to remote] MainClientExec:260 - Target auth state: UNCHALLENGED
2018-06-03 14:08:15,310 DEBUG [Forwarding maximizeWindow on session d22362a6f32c72f0139cd2f78b92badb to remote] MainClientExec:266 - Proxy auth state: UNCHALLENGED
2018-06-03 14:08:15,311 DEBUG [Forwarding maximizeWindow on session d22362a6f32c72f0139cd2f78b92badb to remote] headers:135 - http-outgoing-0 >> POST /session/d22362a6f32c72f0139cd2f78b92badb/window/current/maximize HTTP/1.1
2018-06-03 14:08:15,311 DEBUG [Forwarding maximizeWindow on session d22362a6f32c72f0139cd2f78b92badb to remote] headers:138 - http-outgoing-0 >> Content-Type: application/json; charset=utf-8
2018-06-03 14:08:15,311 DEBUG [Forwarding maximizeWindow on session d22362a6f32c72f0139cd2f78b92badb to remote] headers:138 - http-outgoing-0 >> Content-Length: 26
2018-06-03 14:08:15,311 DEBUG [Forwarding maximizeWindow on session d22362a6f32c72f0139cd2f78b92badb to remote] headers:138 - http-outgoing-0 >> Host: localhost:35017
2018-06-03 14:08:15,312 DEBUG [Forwarding maximizeWindow on session d22362a6f32c72f0139cd2f78b92badb to remote] headers:138 - http-outgoing-0 >> Connection: Keep-Alive
2018-06-03 14:08:15,312 DEBUG [Forwarding maximizeWindow on session d22362a6f32c72f0139cd2f78b92badb to remote] headers:138 - http-outgoing-0 >> User-Agent: Apache-HttpClient/4.5.1 (Java/1.8.0_161)
2018-06-03 14:08:15,312 DEBUG [Forwarding maximizeWindow on session d22362a6f32c72f0139cd2f78b92badb to remote] headers:138 - http-outgoing-0 >> Accept-Encoding: gzip,deflate
2018-06-03 14:08:15,312 DEBUG [Forwarding maximizeWindow on session d22362a6f32c72f0139cd2f78b92badb to remote] wire:72 - http-outgoing-0 >> "POST /session/d22362a6f32c72f0139cd2f78b92badb/window/current/maximize HTTP/1.1[\r][\n]"
2018-06-03 14:08:15,313 DEBUG [Forwarding maximizeWindow on session d22362a6f32c72f0139cd2f78b92badb to remote] wire:72 - http-outgoing-0 >> "Content-Type: application/json; charset=utf-8[\r][\n]"
2018-06-03 14:08:15,313 DEBUG [Forwarding maximizeWindow on session d22362a6f32c72f0139cd2f78b92badb to remote] wire:72 - http-outgoing-0 >> "Content-Length: 26[\r][\n]"
2018-06-03 14:08:15,313 DEBUG [Forwarding maximizeWindow on session d22362a6f32c72f0139cd2f78b92badb to remote] wire:72 - http-outgoing-0 >> "Host: localhost:35017[\r][\n]"
2018-06-03 14:08:15,314 DEBUG [Forwarding maximizeWindow on session d22362a6f32c72f0139cd2f78b92badb to remote] wire:72 - http-outgoing-0 >> "Connection: Keep-Alive[\r][\n]"
2018-06-03 14:08:15,314 DEBUG [Forwarding maximizeWindow on session d22362a6f32c72f0139cd2f78b92badb to remote] wire:72 - http-outgoing-0 >> "User-Agent: Apache-HttpClient/4.5.1 (Java/1.8.0_161)[\r][\n]"
2018-06-03 14:08:15,315 DEBUG [Forwarding maximizeWindow on session d22362a6f32c72f0139cd2f78b92badb to remote] wire:72 - http-outgoing-0 >> "Accept-Encoding: gzip,deflate[\r][\n]"
2018-06-03 14:08:15,315 DEBUG [Forwarding maximizeWindow on session d22362a6f32c72f0139cd2f78b92badb to remote] wire:72 - http-outgoing-0 >> "[\r][\n]"
2018-06-03 14:08:15,315 DEBUG [Forwarding maximizeWindow on session d22362a6f32c72f0139cd2f78b92badb to remote] wire:86 - http-outgoing-0 >> "{"windowHandle":"current"}"
2018-06-03 14:08:16,459 DEBUG [Forwarding maximizeWindow on session d22362a6f32c72f0139cd2f78b92badb to remote] wire:72 - http-outgoing-0 << "HTTP/1.1 200 OK[\r][\n]"
2018-06-03 14:08:16,460 DEBUG [Forwarding maximizeWindow on session d22362a6f32c72f0139cd2f78b92badb to remote] wire:72 - http-outgoing-0 << "Content-Length:72[\r][\n]"
2018-06-03 14:08:16,460 DEBUG [Forwarding maximizeWindow on session d22362a6f32c72f0139cd2f78b92badb to remote] wire:72 - http-outgoing-0 << "Content-Type:application/json; charset=utf-8[\r][\n]"
2018-06-03 14:08:16,461 DEBUG [Forwarding maximizeWindow on session d22362a6f32c72f0139cd2f78b92badb to remote] wire:72 - http-outgoing-0 << "[\r][\n]"
2018-06-03 14:08:16,461 DEBUG [Forwarding maximizeWindow on session d22362a6f32c72f0139cd2f78b92badb to remote] wire:86 - http-outgoing-0 << "{"sessionId":"d22362a6f32c72f0139cd2f78b92badb","status":0,"value":null}"
2018-06-03 14:08:16,462 DEBUG [Forwarding maximizeWindow on session d22362a6f32c72f0139cd2f78b92badb to remote] headers:124 - http-outgoing-0 << HTTP/1.1 200 OK
2018-06-03 14:08:16,462 DEBUG [Forwarding maximizeWindow on session d22362a6f32c72f0139cd2f78b92badb to remote] headers:127 - http-outgoing-0 << Content-Length:72
2018-06-03 14:08:16,462 DEBUG [Forwarding maximizeWindow on session d22362a6f32c72f0139cd2f78b92badb to remote] headers:127 - http-outgoing-0 << Content-Type:application/json; charset=utf-8
2018-06-03 14:08:16,463 DEBUG [Forwarding maximizeWindow on session d22362a6f32c72f0139cd2f78b92badb to remote] MainClientExec:284 - Connection can be kept alive indefinitely
2018-06-03 14:08:16,463 DEBUG [Forwarding maximizeWindow on session d22362a6f32c72f0139cd2f78b92badb to remote] PoolingHttpClientConnectionManager:314 - Connection [id: 0][route: {}->http://localhost:35017] can be kept alive indefinitely
2018-06-03 14:08:16,463 DEBUG [Forwarding maximizeWindow on session d22362a6f32c72f0139cd2f78b92badb to remote] PoolingHttpClientConnectionManager:320 - Connection released: [id: 0][route: {}->http://localhost:35017][total kept alive: 1; route allocated: 1 of 2000; total allocated: 1 of 2000]
2018-06-03 14:08:16,466 DEBUG [Forwarding deleteAllCookies on session d22362a6f32c72f0139cd2f78b92badb to remote] RequestAddCookies:122 - CookieSpec selected: default
2018-06-03 14:08:16,466 DEBUG [Forwarding deleteAllCookies on session d22362a6f32c72f0139cd2f78b92badb to remote] RequestAuthCache:76 - Auth cache not set in the context
2018-06-03 14:08:16,467 DEBUG [Forwarding deleteAllCookies on session d22362a6f32c72f0139cd2f78b92badb to remote] PoolingHttpClientConnectionManager:249 - Connection request: [route: {}->http://localhost:35017][total kept alive: 1; route allocated: 1 of 2000; total allocated: 1 of 2000]
2018-06-03 14:08:16,467 DEBUG [Forwarding deleteAllCookies on session d22362a6f32c72f0139cd2f78b92badb to remote] PoolingHttpClientConnectionManager:282 - Connection leased: [id: 0][route: {}->http://localhost:35017][total kept alive: 0; route allocated: 1 of 2000; total allocated: 1 of 2000]
2018-06-03 14:08:16,468 DEBUG [Forwarding deleteAllCookies on session d22362a6f32c72f0139cd2f78b92badb to remote] MainClientExec:207 - Stale connection check
2018-06-03 14:08:16,469 DEBUG [Forwarding deleteAllCookies on session d22362a6f32c72f0139cd2f78b92badb to remote] wire:86 - http-outgoing-0 << "[read] I/O error: Read timed out"
2018-06-03 14:08:16,469 DEBUG [Forwarding deleteAllCookies on session d22362a6f32c72f0139cd2f78b92badb to remote] DefaultManagedHttpClientConnection:90 - http-outgoing-0: set socket timeout to 10800000
2018-06-03 14:08:16,470 DEBUG [Forwarding deleteAllCookies on session d22362a6f32c72f0139cd2f78b92badb to remote] MainClientExec:255 - Executing request DELETE /session/d22362a6f32c72f0139cd2f78b92badb/cookie HTTP/1.1
2018-06-03 14:08:16,470 DEBUG [Forwarding deleteAllCookies on session d22362a6f32c72f0139cd2f78b92badb to remote] MainClientExec:260 - Target auth state: UNCHALLENGED
2018-06-03 14:08:16,470 DEBUG [Forwarding deleteAllCookies on session d22362a6f32c72f0139cd2f78b92badb to remote] MainClientExec:266 - Proxy auth state: UNCHALLENGED
2018-06-03 14:08:16,471 DEBUG [Forwarding deleteAllCookies on session d22362a6f32c72f0139cd2f78b92badb to remote] headers:135 - http-outgoing-0 >> DELETE /session/d22362a6f32c72f0139cd2f78b92badb/cookie HTTP/1.1
2018-06-03 14:08:16,471 DEBUG [Forwarding deleteAllCookies on session d22362a6f32c72f0139cd2f78b92badb to remote] headers:138 - http-outgoing-0 >> Host: localhost:35017
2018-06-03 14:08:16,471 DEBUG [Forwarding deleteAllCookies on session d22362a6f32c72f0139cd2f78b92badb to remote] headers:138 - http-outgoing-0 >> Connection: Keep-Alive
2018-06-03 14:08:16,471 DEBUG [Forwarding deleteAllCookies on session d22362a6f32c72f0139cd2f78b92badb to remote] headers:138 - http-outgoing-0 >> User-Agent: Apache-HttpClient/4.5.1 (Java/1.8.0_161)
2018-06-03 14:08:16,472 DEBUG [Forwarding deleteAllCookies on session d22362a6f32c72f0139cd2f78b92badb to remote] headers:138 - http-outgoing-0 >> Accept-Encoding: gzip,deflate
2018-06-03 14:08:16,472 DEBUG [Forwarding deleteAllCookies on session d22362a6f32c72f0139cd2f78b92badb to remote] wire:72 - http-outgoing-0 >> "DELETE /session/d22362a6f32c72f0139cd2f78b92badb/cookie HTTP/1.1[\r][\n]"
2018-06-03 14:08:16,472 DEBUG [Forwarding deleteAllCookies on session d22362a6f32c72f0139cd2f78b92badb to remote] wire:72 - http-outgoing-0 >> "Host: localhost:35017[\r][\n]"
2018-06-03 14:08:16,472 DEBUG [Forwarding deleteAllCookies on session d22362a6f32c72f0139cd2f78b92badb to remote] wire:72 - http-outgoing-0 >> "Connection: Keep-Alive[\r][\n]"
2018-06-03 14:08:16,473 DEBUG [Forwarding deleteAllCookies on session d22362a6f32c72f0139cd2f78b92badb to remote] wire:72 - http-outgoing-0 >> "User-Agent: Apache-HttpClient/4.5.1 (Java/1.8.0_161)[\r][\n]"
2018-06-03 14:08:16,473 DEBUG [Forwarding deleteAllCookies on session d22362a6f32c72f0139cd2f78b92badb to remote] wire:72 - http-outgoing-0 >> "Accept-Encoding: gzip,deflate[\r][\n]"
2018-06-03 14:08:16,473 DEBUG [Forwarding deleteAllCookies on session d22362a6f32c72f0139cd2f78b92badb to remote] wire:72 - http-outgoing-0 >> "[\r][\n]"
2018-06-03 14:08:17,781 DEBUG [Forwarding deleteAllCookies on session d22362a6f32c72f0139cd2f78b92badb to remote] wire:72 - http-outgoing-0 << "HTTP/1.1 200 OK[\r][\n]"
2018-06-03 14:08:17,782 DEBUG [Forwarding deleteAllCookies on session d22362a6f32c72f0139cd2f78b92badb to remote] wire:72 - http-outgoing-0 << "Content-Length:72[\r][\n]"
2018-06-03 14:08:17,782 DEBUG [Forwarding deleteAllCookies on session d22362a6f32c72f0139cd2f78b92badb to remote] wire:72 - http-outgoing-0 << "Content-Type:application/json; charset=utf-8[\r][\n]"
2018-06-03 14:08:17,783 DEBUG [Forwarding deleteAllCookies on session d22362a6f32c72f0139cd2f78b92badb to remote] wire:72 - http-outgoing-0 << "[\r][\n]"
2018-06-03 14:08:17,784 DEBUG [Forwarding deleteAllCookies on session d22362a6f32c72f0139cd2f78b92badb to remote] wire:86 - http-outgoing-0 << "{"sessionId":"d22362a6f32c72f0139cd2f78b92badb","status":0,"value":null}"
2018-06-03 14:08:17,785 DEBUG [Forwarding deleteAllCookies on session d22362a6f32c72f0139cd2f78b92badb to remote] headers:124 - http-outgoing-0 << HTTP/1.1 200 OK
2018-06-03 14:08:17,786 DEBUG [Forwarding deleteAllCookies on session d22362a6f32c72f0139cd2f78b92badb to remote] headers:127 - http-outgoing-0 << Content-Length:72
2018-06-03 14:08:17,786 DEBUG [Forwarding deleteAllCookies on session d22362a6f32c72f0139cd2f78b92badb to remote] headers:127 - http-outgoing-0 << Content-Type:application/json; charset=utf-8
2018-06-03 14:08:17,787 DEBUG [Forwarding deleteAllCookies on session d22362a6f32c72f0139cd2f78b92badb to remote] MainClientExec:284 - Connection can be kept alive indefinitely
2018-06-03 14:08:17,788 DEBUG [Forwarding deleteAllCookies on session d22362a6f32c72f0139cd2f78b92badb to remote] PoolingHttpClientConnectionManager:314 - Connection [id: 0][route: {}->http://localhost:35017] can be kept alive indefinitely
2018-06-03 14:08:17,789 DEBUG [Forwarding deleteAllCookies on session d22362a6f32c72f0139cd2f78b92badb to remote] PoolingHttpClientConnectionManager:320 - Connection released: [id: 0][route: {}->http://localhost:35017][total kept alive: 1; route allocated: 1 of 2000; total allocated: 1 of 2000]
2018-06-03 14:08:17,800 DEBUG [Forwarding setTimeout on session d22362a6f32c72f0139cd2f78b92badb to remote] RequestAddCookies:122 - CookieSpec selected: default
2018-06-03 14:08:17,801 DEBUG [Forwarding setTimeout on session d22362a6f32c72f0139cd2f78b92badb to remote] RequestAuthCache:76 - Auth cache not set in the context
2018-06-03 14:08:17,802 DEBUG [Forwarding setTimeout on session d22362a6f32c72f0139cd2f78b92badb to remote] PoolingHttpClientConnectionManager:249 - Connection request: [route: {}->http://localhost:35017][total kept alive: 1; route allocated: 1 of 2000; total allocated: 1 of 2000]
2018-06-03 14:08:17,802 DEBUG [Forwarding setTimeout on session d22362a6f32c72f0139cd2f78b92badb to remote] PoolingHttpClientConnectionManager:282 - Connection leased: [id: 0][route: {}->http://localhost:35017][total kept alive: 0; route allocated: 1 of 2000; total allocated: 1 of 2000]
2018-06-03 14:08:17,803 DEBUG [Forwarding setTimeout on session d22362a6f32c72f0139cd2f78b92badb to remote] MainClientExec:207 - Stale connection check
2018-06-03 14:08:17,805 DEBUG [Forwarding setTimeout on session d22362a6f32c72f0139cd2f78b92badb to remote] wire:86 - http-outgoing-0 << "[read] I/O error: Read timed out"
2018-06-03 14:08:17,806 DEBUG [Forwarding setTimeout on session d22362a6f32c72f0139cd2f78b92badb to remote] DefaultManagedHttpClientConnection:90 - http-outgoing-0: set socket timeout to 10800000
2018-06-03 14:08:17,806 DEBUG [Forwarding setTimeout on session d22362a6f32c72f0139cd2f78b92badb to remote] MainClientExec:255 - Executing request POST /session/d22362a6f32c72f0139cd2f78b92badb/timeouts HTTP/1.1
2018-06-03 14:08:17,807 DEBUG [Forwarding setTimeout on session d22362a6f32c72f0139cd2f78b92badb to remote] MainClientExec:260 - Target auth state: UNCHALLENGED
2018-06-03 14:08:17,808 DEBUG [Forwarding setTimeout on session d22362a6f32c72f0139cd2f78b92badb to remote] MainClientExec:266 - Proxy auth state: UNCHALLENGED
2018-06-03 14:08:17,809 DEBUG [Forwarding setTimeout on session d22362a6f32c72f0139cd2f78b92badb to remote] headers:135 - http-outgoing-0 >> POST /session/d22362a6f32c72f0139cd2f78b92badb/timeouts HTTP/1.1
2018-06-03 14:08:17,809 DEBUG [Forwarding setTimeout on session d22362a6f32c72f0139cd2f78b92badb to remote] headers:138 - http-outgoing-0 >> Content-Type: application/json; charset=utf-8
2018-06-03 14:08:17,810 DEBUG [Forwarding setTimeout on session d22362a6f32c72f0139cd2f78b92badb to remote] headers:138 - http-outgoing-0 >> Content-Length: 31
2018-06-03 14:08:17,810 DEBUG [Forwarding setTimeout on session d22362a6f32c72f0139cd2f78b92badb to remote] headers:138 - http-outgoing-0 >> Host: localhost:35017
2018-06-03 14:08:17,811 DEBUG [Forwarding setTimeout on session d22362a6f32c72f0139cd2f78b92badb to remote] headers:138 - http-outgoing-0 >> Connection: Keep-Alive
2018-06-03 14:08:17,812 DEBUG [Forwarding setTimeout on session d22362a6f32c72f0139cd2f78b92badb to remote] headers:138 - http-outgoing-0 >> User-Agent: Apache-HttpClient/4.5.1 (Java/1.8.0_161)
2018-06-03 14:08:17,813 DEBUG [Forwarding setTimeout on session d22362a6f32c72f0139cd2f78b92badb to remote] headers:138 - http-outgoing-0 >> Accept-Encoding: gzip,deflate
2018-06-03 14:08:17,813 DEBUG [Forwarding setTimeout on session d22362a6f32c72f0139cd2f78b92badb to remote] wire:72 - http-outgoing-0 >> "POST /session/d22362a6f32c72f0139cd2f78b92badb/timeouts HTTP/1.1[\r][\n]"
2018-06-03 14:08:17,813 DEBUG [Forwarding setTimeout on session d22362a6f32c72f0139cd2f78b92badb to remote] wire:72 - http-outgoing-0 >> "Content-Type: application/json; charset=utf-8[\r][\n]"
2018-06-03 14:08:17,814 DEBUG [Forwarding setTimeout on session d22362a6f32c72f0139cd2f78b92badb to remote] wire:72 - http-outgoing-0 >> "Content-Length: 31[\r][\n]"
2018-06-03 14:08:17,814 DEBUG [Forwarding setTimeout on session d22362a6f32c72f0139cd2f78b92badb to remote] wire:72 - http-outgoing-0 >> "Host: localhost:35017[\r][\n]"
2018-06-03 14:08:17,814 DEBUG [Forwarding setTimeout on session d22362a6f32c72f0139cd2f78b92badb to remote] wire:72 - http-outgoing-0 >> "Connection: Keep-Alive[\r][\n]"
2018-06-03 14:08:17,815 DEBUG [Forwarding setTimeout on session d22362a6f32c72f0139cd2f78b92badb to remote] wire:72 - http-outgoing-0 >> "User-Agent: Apache-HttpClient/4.5.1 (Java/1.8.0_161)[\r][\n]"
2018-06-03 14:08:17,815 DEBUG [Forwarding setTimeout on session d22362a6f32c72f0139cd2f78b92badb to remote] wire:72 - http-outgoing-0 >> "Accept-Encoding: gzip,deflate[\r][\n]"
2018-06-03 14:08:17,815 DEBUG [Forwarding setTimeout on session d22362a6f32c72f0139cd2f78b92badb to remote] wire:72 - http-outgoing-0 >> "[\r][\n]"
2018-06-03 14:08:17,815 DEBUG [Forwarding setTimeout on session d22362a6f32c72f0139cd2f78b92badb to remote] wire:86 - http-outgoing-0 >> "{"type":"page load","ms":20000}"
2018-06-03 14:08:17,816 DEBUG [Forwarding setTimeout on session d22362a6f32c72f0139cd2f78b92badb to remote] wire:72 - http-outgoing-0 << "HTTP/1.1 200 OK[\r][\n]"
2018-06-03 14:08:17,817 DEBUG [Forwarding setTimeout on session d22362a6f32c72f0139cd2f78b92badb to remote] wire:72 - http-outgoing-0 << "Content-Length:72[\r][\n]"
2018-06-03 14:08:17,817 DEBUG [Forwarding setTimeout on session d22362a6f32c72f0139cd2f78b92badb to remote] wire:72 - http-outgoing-0 << "Content-Type:application/json; charset=utf-8[\r][\n]"
2018-06-03 14:08:17,817 DEBUG [Forwarding setTimeout on session d22362a6f32c72f0139cd2f78b92badb to remote] wire:72 - http-outgoing-0 << "[\r][\n]"
2018-06-03 14:08:17,818 DEBUG [Forwarding setTimeout on session d22362a6f32c72f0139cd2f78b92badb to remote] wire:86 - http-outgoing-0 << "{"sessionId":"d22362a6f32c72f0139cd2f78b92badb","status":0,"value":null}"
2018-06-03 14:08:17,818 DEBUG [Forwarding setTimeout on session d22362a6f32c72f0139cd2f78b92badb to remote] headers:124 - http-outgoing-0 << HTTP/1.1 200 OK
2018-06-03 14:08:17,818 DEBUG [Forwarding setTimeout on session d22362a6f32c72f0139cd2f78b92badb to remote] headers:127 - http-outgoing-0 << Content-Length:72
2018-06-03 14:08:17,818 DEBUG [Forwarding setTimeout on session d22362a6f32c72f0139cd2f78b92badb to remote] headers:127 - http-outgoing-0 << Content-Type:application/json; charset=utf-8
2018-06-03 14:08:17,819 DEBUG [Forwarding setTimeout on session d22362a6f32c72f0139cd2f78b92badb to remote] MainClientExec:284 - Connection can be kept alive indefinitely
2018-06-03 14:08:17,819 DEBUG [Forwarding setTimeout on session d22362a6f32c72f0139cd2f78b92badb to remote] PoolingHttpClientConnectionManager:314 - Connection [id: 0][route: {}->http://localhost:35017] can be kept alive indefinitely
2018-06-03 14:08:17,820 DEBUG [Forwarding setTimeout on session d22362a6f32c72f0139cd2f78b92badb to remote] PoolingHttpClientConnectionManager:320 - Connection released: [id: 0][route: {}->http://localhost:35017][total kept alive: 1; route allocated: 1 of 2000; total allocated: 1 of 2000]
2018-06-03 14:08:17,821 DEBUG [Forwarding setTimeout on session d22362a6f32c72f0139cd2f78b92badb to remote] RequestAddCookies:122 - CookieSpec selected: default
2018-06-03 14:08:17,822 DEBUG [Forwarding setTimeout on session d22362a6f32c72f0139cd2f78b92badb to remote] RequestAuthCache:76 - Auth cache not set in the context
2018-06-03 14:08:17,822 DEBUG [Forwarding setTimeout on session d22362a6f32c72f0139cd2f78b92badb to remote] PoolingHttpClientConnectionManager:249 - Connection request: [route: {}->http://localhost:35017][total kept alive: 1; route allocated: 1 of 2000; total allocated: 1 of 2000]
2018-06-03 14:08:17,822 DEBUG [Forwarding setTimeout on session d22362a6f32c72f0139cd2f78b92badb to remote] PoolingHttpClientConnectionManager:282 - Connection leased: [id: 0][route: {}->http://localhost:35017][total kept alive: 0; route allocated: 1 of 2000; total allocated: 1 of 2000]
2018-06-03 14:08:17,822 DEBUG [Forwarding setTimeout on session d22362a6f32c72f0139cd2f78b92badb to remote] MainClientExec:207 - Stale connection check
2018-06-03 14:08:17,824 DEBUG [Forwarding setTimeout on session d22362a6f32c72f0139cd2f78b92badb to remote] wire:86 - http-outgoing-0 << "[read] I/O error: Read timed out"
2018-06-03 14:08:17,824 DEBUG [Forwarding setTimeout on session d22362a6f32c72f0139cd2f78b92badb to remote] DefaultManagedHttpClientConnection:90 - http-outgoing-0: set socket timeout to 10800000
2018-06-03 14:08:17,824 DEBUG [Forwarding setTimeout on session d22362a6f32c72f0139cd2f78b92badb to remote] MainClientExec:255 - Executing request POST /session/d22362a6f32c72f0139cd2f78b92badb/timeouts HTTP/1.1
2018-06-03 14:08:17,825 DEBUG [Forwarding setTimeout on session d22362a6f32c72f0139cd2f78b92badb to remote] MainClientExec:260 - Target auth state: UNCHALLENGED
2018-06-03 14:08:17,825 DEBUG [Forwarding setTimeout on session d22362a6f32c72f0139cd2f78b92badb to remote] MainClientExec:266 - Proxy auth state: UNCHALLENGED
2018-06-03 14:08:17,825 DEBUG [Forwarding setTimeout on session d22362a6f32c72f0139cd2f78b92badb to remote] headers:135 - http-outgoing-0 >> POST /session/d22362a6f32c72f0139cd2f78b92badb/timeouts HTTP/1.1
2018-06-03 14:08:17,825 DEBUG [Forwarding setTimeout on session d22362a6f32c72f0139cd2f78b92badb to remote] headers:138 - http-outgoing-0 >> Content-Type: application/json; charset=utf-8
2018-06-03 14:08:17,826 DEBUG [Forwarding setTimeout on session d22362a6f32c72f0139cd2f78b92badb to remote] headers:138 - http-outgoing-0 >> Content-Length: 30
2018-06-03 14:08:17,826 DEBUG [Forwarding setTimeout on session d22362a6f32c72f0139cd2f78b92badb to remote] headers:138 - http-outgoing-0 >> Host: localhost:35017
2018-06-03 14:08:17,826 DEBUG [Forwarding setTimeout on session d22362a6f32c72f0139cd2f78b92badb to remote] headers:138 - http-outgoing-0 >> Connection: Keep-Alive
2018-06-03 14:08:17,826 DEBUG [Forwarding setTimeout on session d22362a6f32c72f0139cd2f78b92badb to remote] headers:138 - http-outgoing-0 >> User-Agent: Apache-HttpClient/4.5.1 (Java/1.8.0_161)
2018-06-03 14:08:17,827 DEBUG [Forwarding setTimeout on session d22362a6f32c72f0139cd2f78b92badb to remote] headers:138 - http-outgoing-0 >> Accept-Encoding: gzip,deflate
2018-06-03 14:08:17,827 DEBUG [Forwarding setTimeout on session d22362a6f32c72f0139cd2f78b92badb to remote] wire:72 - http-outgoing-0 >> "POST /session/d22362a6f32c72f0139cd2f78b92badb/timeouts HTTP/1.1[\r][\n]"
2018-06-03 14:08:17,827 DEBUG [Forwarding setTimeout on session d22362a6f32c72f0139cd2f78b92badb to remote] wire:72 - http-outgoing-0 >> "Content-Type: application/json; charset=utf-8[\r][\n]"
2018-06-03 14:08:17,827 DEBUG [Forwarding setTimeout on session d22362a6f32c72f0139cd2f78b92badb to remote] wire:72 - http-outgoing-0 >> "Content-Length: 30[\r][\n]"
2018-06-03 14:08:17,828 DEBUG [Forwarding setTimeout on session d22362a6f32c72f0139cd2f78b92badb to remote] wire:72 - http-outgoing-0 >> "Host: localhost:35017[\r][\n]"
2018-06-03 14:08:17,828 DEBUG [Forwarding setTimeout on session d22362a6f32c72f0139cd2f78b92badb to remote] wire:72 - http-outgoing-0 >> "Connection: Keep-Alive[\r][\n]"
2018-06-03 14:08:17,828 DEBUG [Forwarding setTimeout on session d22362a6f32c72f0139cd2f78b92badb to remote] wire:72 - http-outgoing-0 >> "User-Agent: Apache-HttpClient/4.5.1 (Java/1.8.0_161)[\r][\n]"
2018-06-03 14:08:17,828 DEBUG [Forwarding setTimeout on session d22362a6f32c72f0139cd2f78b92badb to remote] wire:72 - http-outgoing-0 >> "Accept-Encoding: gzip,deflate[\r][\n]"
2018-06-03 14:08:17,829 DEBUG [Forwarding setTimeout on session d22362a6f32c72f0139cd2f78b92badb to remote] wire:72 - http-outgoing-0 >> "[\r][\n]"
2018-06-03 14:08:17,829 DEBUG [Forwarding setTimeout on session d22362a6f32c72f0139cd2f78b92badb to remote] wire:86 - http-outgoing-0 >> "{"type":"implicit","ms":10000}"
2018-06-03 14:08:17,830 DEBUG [Forwarding setTimeout on session d22362a6f32c72f0139cd2f78b92badb to remote] wire:72 - http-outgoing-0 << "HTTP/1.1 200 OK[\r][\n]"
2018-06-03 14:08:17,831 DEBUG [Forwarding setTimeout on session d22362a6f32c72f0139cd2f78b92badb to remote] wire:72 - http-outgoing-0 << "Content-Length:72[\r][\n]"
2018-06-03 14:08:17,831 DEBUG [Forwarding setTimeout on session d22362a6f32c72f0139cd2f78b92badb to remote] wire:72 - http-outgoing-0 << "Content-Type:application/json; charset=utf-8[\r][\n]"
2018-06-03 14:08:17,831 DEBUG [Forwarding setTimeout on session d22362a6f32c72f0139cd2f78b92badb to remote] wire:72 - http-outgoing-0 << "[\r][\n]"
2018-06-03 14:08:17,832 DEBUG [Forwarding setTimeout on session d22362a6f32c72f0139cd2f78b92badb to remote] wire:86 - http-outgoing-0 << "{"sessionId":"d22362a6f32c72f0139cd2f78b92badb","status":0,"value":null}"
2018-06-03 14:08:17,832 DEBUG [Forwarding setTimeout on session d22362a6f32c72f0139cd2f78b92badb to remote] headers:124 - http-outgoing-0 << HTTP/1.1 200 OK
2018-06-03 14:08:17,832 DEBUG [Forwarding setTimeout on session d22362a6f32c72f0139cd2f78b92badb to remote] headers:127 - http-outgoing-0 << Content-Length:72
2018-06-03 14:08:17,833 DEBUG [Forwarding setTimeout on session d22362a6f32c72f0139cd2f78b92badb to remote] headers:127 - http-outgoing-0 << Content-Type:application/json; charset=utf-8
2018-06-03 14:08:17,833 DEBUG [Forwarding setTimeout on session d22362a6f32c72f0139cd2f78b92badb to remote] MainClientExec:284 - Connection can be kept alive indefinitely
2018-06-03 14:08:17,833 DEBUG [Forwarding setTimeout on session d22362a6f32c72f0139cd2f78b92badb to remote] PoolingHttpClientConnectionManager:314 - Connection [id: 0][route: {}->http://localhost:35017] can be kept alive indefinitely
2018-06-03 14:08:17,834 DEBUG [Forwarding setTimeout on session d22362a6f32c72f0139cd2f78b92badb to remote] PoolingHttpClientConnectionManager:320 - Connection released: [id: 0][route: {}->http://localhost:35017][total kept alive: 1; route allocated: 1 of 2000; total allocated: 1 of 2000]
2018-06-03 14:08:17,835 DEBUG [Forwarding get on session d22362a6f32c72f0139cd2f78b92badb to remote] RequestAddCookies:122 - CookieSpec selected: default
2018-06-03 14:08:17,836 DEBUG [Forwarding get on session d22362a6f32c72f0139cd2f78b92badb to remote] RequestAuthCache:76 - Auth cache not set in the context
2018-06-03 14:08:17,836 DEBUG [Forwarding get on session d22362a6f32c72f0139cd2f78b92badb to remote] PoolingHttpClientConnectionManager:249 - Connection request: [route: {}->http://localhost:35017][total kept alive: 1; route allocated: 1 of 2000; total allocated: 1 of 2000]
2018-06-03 14:08:17,836 DEBUG [Forwarding get on session d22362a6f32c72f0139cd2f78b92badb to remote] PoolingHttpClientConnectionManager:282 - Connection leased: [id: 0][route: {}->http://localhost:35017][total kept alive: 0; route allocated: 1 of 2000; total allocated: 1 of 2000]
2018-06-03 14:08:17,836 DEBUG [Forwarding get on session d22362a6f32c72f0139cd2f78b92badb to remote] MainClientExec:207 - Stale connection check
2018-06-03 14:08:17,838 DEBUG [Forwarding get on session d22362a6f32c72f0139cd2f78b92badb to remote] wire:86 - http-outgoing-0 << "[read] I/O error: Read timed out"
2018-06-03 14:08:17,839 DEBUG [Forwarding get on session d22362a6f32c72f0139cd2f78b92badb to remote] DefaultManagedHttpClientConnection:90 - http-outgoing-0: set socket timeout to 10800000
2018-06-03 14:08:17,839 DEBUG [Forwarding get on session d22362a6f32c72f0139cd2f78b92badb to remote] MainClientExec:255 - Executing request POST /session/d22362a6f32c72f0139cd2f78b92badb/url HTTP/1.1
2018-06-03 14:08:17,839 DEBUG [Forwarding get on session d22362a6f32c72f0139cd2f78b92badb to remote] MainClientExec:260 - Target auth state: UNCHALLENGED
2018-06-03 14:08:17,839 DEBUG [Forwarding get on session d22362a6f32c72f0139cd2f78b92badb to remote] MainClientExec:266 - Proxy auth state: UNCHALLENGED
2018-06-03 14:08:17,840 DEBUG [Forwarding get on session d22362a6f32c72f0139cd2f78b92badb to remote] headers:135 - http-outgoing-0 >> POST /session/d22362a6f32c72f0139cd2f78b92badb/url HTTP/1.1
2018-06-03 14:08:17,840 DEBUG [Forwarding get on session d22362a6f32c72f0139cd2f78b92badb to remote] headers:138 - http-outgoing-0 >> Content-Type: application/json; charset=utf-8
2018-06-03 14:08:17,840 DEBUG [Forwarding get on session d22362a6f32c72f0139cd2f78b92badb to remote] headers:138 - http-outgoing-0 >> Content-Length: 44
2018-06-03 14:08:17,840 DEBUG [Forwarding get on session d22362a6f32c72f0139cd2f78b92badb to remote] headers:138 - http-outgoing-0 >> Host: localhost:35017
2018-06-03 14:08:17,840 DEBUG [Forwarding get on session d22362a6f32c72f0139cd2f78b92badb to remote] headers:138 - http-outgoing-0 >> Connection: Keep-Alive
2018-06-03 14:08:17,841 DEBUG [Forwarding get on session d22362a6f32c72f0139cd2f78b92badb to remote] headers:138 - http-outgoing-0 >> User-Agent: Apache-HttpClient/4.5.1 (Java/1.8.0_161)
2018-06-03 14:08:17,841 DEBUG [Forwarding get on session d22362a6f32c72f0139cd2f78b92badb to remote] headers:138 - http-outgoing-0 >> Accept-Encoding: gzip,deflate
2018-06-03 14:08:17,841 DEBUG [Forwarding get on session d22362a6f32c72f0139cd2f78b92badb to remote] wire:72 - http-outgoing-0 >> "POST /session/d22362a6f32c72f0139cd2f78b92badb/url HTTP/1.1[\r][\n]"
2018-06-03 14:08:17,841 DEBUG [Forwarding get on session d22362a6f32c72f0139cd2f78b92badb to remote] wire:72 - http-outgoing-0 >> "Content-Type: application/json; charset=utf-8[\r][\n]"
2018-06-03 14:08:17,842 DEBUG [Forwarding get on session d22362a6f32c72f0139cd2f78b92badb to remote] wire:72 - http-outgoing-0 >> "Content-Length: 44[\r][\n]"
2018-06-03 14:08:17,842 DEBUG [Forwarding get on session d22362a6f32c72f0139cd2f78b92badb to remote] wire:72 - http-outgoing-0 >> "Host: localhost:35017[\r][\n]"
2018-06-03 14:08:17,842 DEBUG [Forwarding get on session d22362a6f32c72f0139cd2f78b92badb to remote] wire:72 - http-outgoing-0 >> "Connection: Keep-Alive[\r][\n]"
2018-06-03 14:08:17,842 DEBUG [Forwarding get on session d22362a6f32c72f0139cd2f78b92badb to remote] wire:72 - http-outgoing-0 >> "User-Agent: Apache-HttpClient/4.5.1 (Java/1.8.0_161)[\r][\n]"
2018-06-03 14:08:17,843 DEBUG [Forwarding get on session d22362a6f32c72f0139cd2f78b92badb to remote] wire:72 - http-outgoing-0 >> "Accept-Encoding: gzip,deflate[\r][\n]"
2018-06-03 14:08:17,843 DEBUG [Forwarding get on session d22362a6f32c72f0139cd2f78b92badb to remote] wire:72 - http-outgoing-0 >> "[\r][\n]"
2018-06-03 14:08:17,843 DEBUG [Forwarding get on session d22362a6f32c72f0139cd2f78b92badb to remote] wire:86 - http-outgoing-0 >> "{"url":"https://www.freecrm.com/index.html"}"
2018-06-03 14:08:27,817 DEBUG [Forwarding get on session d22362a6f32c72f0139cd2f78b92badb to remote] wire:72 - http-outgoing-0 << "HTTP/1.1 200 OK[\r][\n]"
2018-06-03 14:08:27,819 DEBUG [Forwarding get on session d22362a6f32c72f0139cd2f78b92badb to remote] wire:72 - http-outgoing-0 << "Content-Length:72[\r][\n]"
2018-06-03 14:08:27,820 DEBUG [Forwarding get on session d22362a6f32c72f0139cd2f78b92badb to remote] wire:72 - http-outgoing-0 << "Content-Type:application/json; charset=utf-8[\r][\n]"
2018-06-03 14:08:27,823 DEBUG [Forwarding get on session d22362a6f32c72f0139cd2f78b92badb to remote] wire:72 - http-outgoing-0 << "[\r][\n]"
2018-06-03 14:08:27,824 DEBUG [Forwarding get on session d22362a6f32c72f0139cd2f78b92badb to remote] wire:86 - http-outgoing-0 << "{"sessionId":"d22362a6f32c72f0139cd2f78b92badb","status":0,"value":null}"
2018-06-03 14:08:27,825 DEBUG [Forwarding get on session d22362a6f32c72f0139cd2f78b92badb to remote] headers:124 - http-outgoing-0 << HTTP/1.1 200 OK
2018-06-03 14:08:27,825 DEBUG [Forwarding get on session d22362a6f32c72f0139cd2f78b92badb to remote] headers:127 - http-outgoing-0 << Content-Length:72
2018-06-03 14:08:27,827 DEBUG [Forwarding get on session d22362a6f32c72f0139cd2f78b92badb to remote] headers:127 - http-outgoing-0 << Content-Type:application/json; charset=utf-8
2018-06-03 14:08:27,831 DEBUG [Forwarding get on session d22362a6f32c72f0139cd2f78b92badb to remote] MainClientExec:284 - Connection can be kept alive indefinitely
2018-06-03 14:08:27,833 DEBUG [Forwarding get on session d22362a6f32c72f0139cd2f78b92badb to remote] PoolingHttpClientConnectionManager:314 - Connection [id: 0][route: {}->http://localhost:35017] can be kept alive indefinitely
2018-06-03 14:08:27,833 DEBUG [Forwarding get on session d22362a6f32c72f0139cd2f78b92badb to remote] PoolingHttpClientConnectionManager:320 - Connection released: [id: 0][route: {}->http://localhost:35017][total kept alive: 1; route allocated: 1 of 2000; total allocated: 1 of 2000]
2018-06-03 14:08:31,925 DEBUG [Forwarding getTitle on session d22362a6f32c72f0139cd2f78b92badb to remote] RequestAddCookies:122 - CookieSpec selected: default
2018-06-03 14:08:31,927 DEBUG [Forwarding getTitle on session d22362a6f32c72f0139cd2f78b92badb to remote] RequestAuthCache:76 - Auth cache not set in the context
2018-06-03 14:08:31,944 DEBUG [Forwarding getTitle on session d22362a6f32c72f0139cd2f78b92badb to remote] PoolingHttpClientConnectionManager:249 - Connection request: [route: {}->http://localhost:35017][total kept alive: 1; route allocated: 1 of 2000; total allocated: 1 of 2000]
2018-06-03 14:08:31,946 DEBUG [Forwarding getTitle on session d22362a6f32c72f0139cd2f78b92badb to remote] wire:86 - http-outgoing-0 << "[read] I/O error: Read timed out"
2018-06-03 14:08:31,947 DEBUG [Forwarding getTitle on session d22362a6f32c72f0139cd2f78b92badb to remote] PoolingHttpClientConnectionManager:282 - Connection leased: [id: 0][route: {}->http://localhost:35017][total kept alive: 0; route allocated: 1 of 2000; total allocated: 1 of 2000]
2018-06-03 14:08:31,947 DEBUG [Forwarding getTitle on session d22362a6f32c72f0139cd2f78b92badb to remote] MainClientExec:207 - Stale connection check
2018-06-03 14:08:31,948 DEBUG [Forwarding getTitle on session d22362a6f32c72f0139cd2f78b92badb to remote] wire:86 - http-outgoing-0 << "[read] I/O error: Read timed out"
2018-06-03 14:08:31,948 DEBUG [Forwarding getTitle on session d22362a6f32c72f0139cd2f78b92badb to remote] DefaultManagedHttpClientConnection:90 - http-outgoing-0: set socket timeout to 10800000
2018-06-03 14:08:31,948 DEBUG [Forwarding getTitle on session d22362a6f32c72f0139cd2f78b92badb to remote] MainClientExec:255 - Executing request GET /session/d22362a6f32c72f0139cd2f78b92badb/title HTTP/1.1
2018-06-03 14:08:31,948 DEBUG [Forwarding getTitle on session d22362a6f32c72f0139cd2f78b92badb to remote] MainClientExec:260 - Target auth state: UNCHALLENGED
2018-06-03 14:08:31,949 DEBUG [Forwarding getTitle on session d22362a6f32c72f0139cd2f78b92badb to remote] MainClientExec:266 - Proxy auth state: UNCHALLENGED
2018-06-03 14:08:31,949 DEBUG [Forwarding getTitle on session d22362a6f32c72f0139cd2f78b92badb to remote] headers:135 - http-outgoing-0 >> GET /session/d22362a6f32c72f0139cd2f78b92badb/title HTTP/1.1
2018-06-03 14:08:31,949 DEBUG [Forwarding getTitle on session d22362a6f32c72f0139cd2f78b92badb to remote] headers:138 - http-outgoing-0 >> Cache-Control: no-cache
2018-06-03 14:08:31,950 DEBUG [Forwarding getTitle on session d22362a6f32c72f0139cd2f78b92badb to remote] headers:138 - http-outgoing-0 >> Host: localhost:35017
2018-06-03 14:08:31,950 DEBUG [Forwarding getTitle on session d22362a6f32c72f0139cd2f78b92badb to remote] headers:138 - http-outgoing-0 >> Connection: Keep-Alive
2018-06-03 14:08:31,950 DEBUG [Forwarding getTitle on session d22362a6f32c72f0139cd2f78b92badb to remote] headers:138 - http-outgoing-0 >> User-Agent: Apache-HttpClient/4.5.1 (Java/1.8.0_161)
2018-06-03 14:08:31,950 DEBUG [Forwarding getTitle on session d22362a6f32c72f0139cd2f78b92badb to remote] headers:138 - http-outgoing-0 >> Accept-Encoding: gzip,deflate
2018-06-03 14:08:31,951 DEBUG [Forwarding getTitle on session d22362a6f32c72f0139cd2f78b92badb to remote] wire:72 - http-outgoing-0 >> "GET /session/d22362a6f32c72f0139cd2f78b92badb/title HTTP/1.1[\r][\n]"
2018-06-03 14:08:31,951 DEBUG [Forwarding getTitle on session d22362a6f32c72f0139cd2f78b92badb to remote] wire:72 - http-outgoing-0 >> "Cache-Control: no-cache[\r][\n]"
2018-06-03 14:08:31,951 DEBUG [Forwarding getTitle on session d22362a6f32c72f0139cd2f78b92badb to remote] wire:72 - http-outgoing-0 >> "Host: localhost:35017[\r][\n]"
2018-06-03 14:08:31,951 DEBUG [Forwarding getTitle on session d22362a6f32c72f0139cd2f78b92badb to remote] wire:72 - http-outgoing-0 >> "Connection: Keep-Alive[\r][\n]"
2018-06-03 14:08:31,952 DEBUG [Forwarding getTitle on session d22362a6f32c72f0139cd2f78b92badb to remote] wire:72 - http-outgoing-0 >> "User-Agent: Apache-HttpClient/4.5.1 (Java/1.8.0_161)[\r][\n]"
2018-06-03 14:08:31,952 DEBUG [Forwarding getTitle on session d22362a6f32c72f0139cd2f78b92badb to remote] wire:72 - http-outgoing-0 >> "Accept-Encoding: gzip,deflate[\r][\n]"
2018-06-03 14:08:31,952 DEBUG [Forwarding getTitle on session d22362a6f32c72f0139cd2f78b92badb to remote] wire:72 - http-outgoing-0 >> "[\r][\n]"
2018-06-03 14:08:31,963 DEBUG [Forwarding getTitle on session d22362a6f32c72f0139cd2f78b92badb to remote] wire:72 - http-outgoing-0 << "HTTP/1.1 200 OK[\r][\n]"
2018-06-03 14:08:31,964 DEBUG [Forwarding getTitle on session d22362a6f32c72f0139cd2f78b92badb to remote] wire:72 - http-outgoing-0 << "Content-Length:134[\r][\n]"
2018-06-03 14:08:31,964 DEBUG [Forwarding getTitle on session d22362a6f32c72f0139cd2f78b92badb to remote] wire:72 - http-outgoing-0 << "Content-Type:application/json; charset=utf-8[\r][\n]"
2018-06-03 14:08:31,964 DEBUG [Forwarding getTitle on session d22362a6f32c72f0139cd2f78b92badb to remote] wire:72 - http-outgoing-0 << "[\r][\n]"
2018-06-03 14:08:31,965 DEBUG [Forwarding getTitle on session d22362a6f32c72f0139cd2f78b92badb to remote] wire:86 - http-outgoing-0 << "{"sessionId":"d22362a6f32c72f0139cd2f78b92badb","status":0,"value":"Free CRM software in the cloud powers sales and customer service"}"
2018-06-03 14:08:31,965 DEBUG [Forwarding getTitle on session d22362a6f32c72f0139cd2f78b92badb to remote] headers:124 - http-outgoing-0 << HTTP/1.1 200 OK
2018-06-03 14:08:31,965 DEBUG [Forwarding getTitle on session d22362a6f32c72f0139cd2f78b92badb to remote] headers:127 - http-outgoing-0 << Content-Length:134
2018-06-03 14:08:31,966 DEBUG [Forwarding getTitle on session d22362a6f32c72f0139cd2f78b92badb to remote] headers:127 - http-outgoing-0 << Content-Type:application/json; charset=utf-8
2018-06-03 14:08:31,966 DEBUG [Forwarding getTitle on session d22362a6f32c72f0139cd2f78b92badb to remote] MainClientExec:284 - Connection can be kept alive indefinitely
2018-06-03 14:08:31,966 DEBUG [Forwarding getTitle on session d22362a6f32c72f0139cd2f78b92badb to remote] PoolingHttpClientConnectionManager:314 - Connection [id: 0][route: {}->http://localhost:35017] can be kept alive indefinitely
2018-06-03 14:08:31,967 DEBUG [Forwarding getTitle on session d22362a6f32c72f0139cd2f78b92badb to remote] PoolingHttpClientConnectionManager:320 - Connection released: [id: 0][route: {}->http://localhost:35017][total kept alive: 1; route allocated: 1 of 2000; total allocated: 1 of 2000]
2018-06-03 14:08:31,985 DEBUG [Forwarding quit on session d22362a6f32c72f0139cd2f78b92badb to remote] RequestAddCookies:122 - CookieSpec selected: default
2018-06-03 14:08:31,986 DEBUG [Forwarding quit on session d22362a6f32c72f0139cd2f78b92badb to remote] RequestAuthCache:76 - Auth cache not set in the context
2018-06-03 14:08:31,986 DEBUG [Forwarding quit on session d22362a6f32c72f0139cd2f78b92badb to remote] PoolingHttpClientConnectionManager:249 - Connection request: [route: {}->http://localhost:35017][total kept alive: 1; route allocated: 1 of 2000; total allocated: 1 of 2000]
2018-06-03 14:08:31,986 DEBUG [Forwarding quit on session d22362a6f32c72f0139cd2f78b92badb to remote] PoolingHttpClientConnectionManager:282 - Connection leased: [id: 0][route: {}->http://localhost:35017][total kept alive: 0; route allocated: 1 of 2000; total allocated: 1 of 2000]
2018-06-03 14:08:31,987 DEBUG [Forwarding quit on session d22362a6f32c72f0139cd2f78b92badb to remote] MainClientExec:207 - Stale connection check
2018-06-03 14:08:31,988 DEBUG [Forwarding quit on session d22362a6f32c72f0139cd2f78b92badb to remote] wire:86 - http-outgoing-0 << "[read] I/O error: Read timed out"
2018-06-03 14:08:31,988 DEBUG [Forwarding quit on session d22362a6f32c72f0139cd2f78b92badb to remote] DefaultManagedHttpClientConnection:90 - http-outgoing-0: set socket timeout to 10800000
2018-06-03 14:08:31,988 DEBUG [Forwarding quit on session d22362a6f32c72f0139cd2f78b92badb to remote] MainClientExec:255 - Executing request DELETE /session/d22362a6f32c72f0139cd2f78b92badb HTTP/1.1
2018-06-03 14:08:31,989 DEBUG [Forwarding quit on session d22362a6f32c72f0139cd2f78b92badb to remote] MainClientExec:260 - Target auth state: UNCHALLENGED
2018-06-03 14:08:31,989 DEBUG [Forwarding quit on session d22362a6f32c72f0139cd2f78b92badb to remote] MainClientExec:266 - Proxy auth state: UNCHALLENGED
2018-06-03 14:08:31,989 DEBUG [Forwarding quit on session d22362a6f32c72f0139cd2f78b92badb to remote] headers:135 - http-outgoing-0 >> DELETE /session/d22362a6f32c72f0139cd2f78b92badb HTTP/1.1
2018-06-03 14:08:31,990 DEBUG [Forwarding quit on session d22362a6f32c72f0139cd2f78b92badb to remote] headers:138 - http-outgoing-0 >> Host: localhost:35017
2018-06-03 14:08:31,990 DEBUG [Forwarding quit on session d22362a6f32c72f0139cd2f78b92badb to remote] headers:138 - http-outgoing-0 >> Connection: Keep-Alive
2018-06-03 14:08:31,990 DEBUG [Forwarding quit on session d22362a6f32c72f0139cd2f78b92badb to remote] headers:138 - http-outgoing-0 >> User-Agent: Apache-HttpClient/4.5.1 (Java/1.8.0_161)
2018-06-03 14:08:31,990 DEBUG [Forwarding quit on session d22362a6f32c72f0139cd2f78b92badb to remote] headers:138 - http-outgoing-0 >> Accept-Encoding: gzip,deflate
2018-06-03 14:08:31,990 DEBUG [Forwarding quit on session d22362a6f32c72f0139cd2f78b92badb to remote] wire:72 - http-outgoing-0 >> "DELETE /session/d22362a6f32c72f0139cd2f78b92badb HTTP/1.1[\r][\n]"
2018-06-03 14:08:31,991 DEBUG [Forwarding quit on session d22362a6f32c72f0139cd2f78b92badb to remote] wire:72 - http-outgoing-0 >> "Host: localhost:35017[\r][\n]"
2018-06-03 14:08:31,991 DEBUG [Forwarding quit on session d22362a6f32c72f0139cd2f78b92badb to remote] wire:72 - http-outgoing-0 >> "Connection: Keep-Alive[\r][\n]"
2018-06-03 14:08:31,991 DEBUG [Forwarding quit on session d22362a6f32c72f0139cd2f78b92badb to remote] wire:72 - http-outgoing-0 >> "User-Agent: Apache-HttpClient/4.5.1 (Java/1.8.0_161)[\r][\n]"
2018-06-03 14:08:31,991 DEBUG [Forwarding quit on session d22362a6f32c72f0139cd2f78b92badb to remote] wire:72 - http-outgoing-0 >> "Accept-Encoding: gzip,deflate[\r][\n]"
2018-06-03 14:08:31,991 DEBUG [Forwarding quit on session d22362a6f32c72f0139cd2f78b92badb to remote] wire:72 - http-outgoing-0 >> "[\r][\n]"
2018-06-03 14:08:32,026 DEBUG [Forwarding quit on session d22362a6f32c72f0139cd2f78b92badb to remote] wire:72 - http-outgoing-0 << "HTTP/1.1 200 OK[\r][\n]"
2018-06-03 14:08:32,027 DEBUG [Forwarding quit on session d22362a6f32c72f0139cd2f78b92badb to remote] wire:72 - http-outgoing-0 << "Content-Length:72[\r][\n]"
2018-06-03 14:08:32,028 DEBUG [Forwarding quit on session d22362a6f32c72f0139cd2f78b92badb to remote] wire:72 - http-outgoing-0 << "Content-Type:application/json; charset=utf-8[\r][\n]"
2018-06-03 14:08:32,028 DEBUG [Forwarding quit on session d22362a6f32c72f0139cd2f78b92badb to remote] wire:72 - http-outgoing-0 << "[\r][\n]"
2018-06-03 14:08:32,029 DEBUG [Forwarding quit on session d22362a6f32c72f0139cd2f78b92badb to remote] wire:86 - http-outgoing-0 << "{"sessionId":"d22362a6f32c72f0139cd2f78b92badb","status":0,"value":null}"
2018-06-03 14:08:32,029 DEBUG [Forwarding quit on session d22362a6f32c72f0139cd2f78b92badb to remote] headers:124 - http-outgoing-0 << HTTP/1.1 200 OK
2018-06-03 14:08:32,029 DEBUG [Forwarding quit on session d22362a6f32c72f0139cd2f78b92badb to remote] headers:127 - http-outgoing-0 << Content-Length:72
2018-06-03 14:08:32,030 DEBUG [Forwarding quit on session d22362a6f32c72f0139cd2f78b92badb to remote] headers:127 - http-outgoing-0 << Content-Type:application/json; charset=utf-8
2018-06-03 14:08:32,030 DEBUG [Forwarding quit on session d22362a6f32c72f0139cd2f78b92badb to remote] MainClientExec:284 - Connection can be kept alive indefinitely
2018-06-03 14:08:32,031 DEBUG [Forwarding quit on session d22362a6f32c72f0139cd2f78b92badb to remote] PoolingHttpClientConnectionManager:314 - Connection [id: 0][route: {}->http://localhost:35017] can be kept alive indefinitely
2018-06-03 14:08:32,032 DEBUG [Forwarding quit on session d22362a6f32c72f0139cd2f78b92badb to remote] PoolingHttpClientConnectionManager:320 - Connection released: [id: 0][route: {}->http://localhost:35017][total kept alive: 1; route allocated: 1 of 2000; total allocated: 1 of 2000]
2018-06-03 14:08:32,036 DEBUG [Forwarding quit on session d22362a6f32c72f0139cd2f78b92badb to remote] PoolingHttpClientConnectionManager:401 - Closing connections idle longer than 0 SECONDS
2018-06-03 14:08:32,038 DEBUG [Forwarding quit on session d22362a6f32c72f0139cd2f78b92badb to remote] DefaultManagedHttpClientConnection:81 - http-outgoing-0: Close connection
2018-06-03 14:08:41,216 DEBUG [Forwarding newSession on session null to remote] RequestAddCookies:122 - CookieSpec selected: default
2018-06-03 14:08:41,217 DEBUG [Forwarding newSession on session null to remote] RequestAuthCache:76 - Auth cache not set in the context
2018-06-03 14:08:41,218 DEBUG [Forwarding newSession on session null to remote] PoolingHttpClientConnectionManager:249 - Connection request: [route: {}->http://localhost:36569][total kept alive: 0; route allocated: 0 of 2000; total allocated: 0 of 2000]
2018-06-03 14:08:41,219 DEBUG [Forwarding newSession on session null to remote] PoolingHttpClientConnectionManager:282 - Connection leased: [id: 1][route: {}->http://localhost:36569][total kept alive: 0; route allocated: 1 of 2000; total allocated: 1 of 2000]
2018-06-03 14:08:41,219 DEBUG [Forwarding newSession on session null to remote] MainClientExec:234 - Opening connection {}->http://localhost:36569
2018-06-03 14:08:41,220 DEBUG [Forwarding newSession on session null to remote] DefaultHttpClientConnectionOperator:131 - Connecting to localhost/127.0.0.1:36569
2018-06-03 14:08:41,222 DEBUG [Forwarding newSession on session null to remote] DefaultHttpClientConnectionOperator:138 - Connection established 127.0.0.1:54949<->127.0.0.1:36569
2018-06-03 14:08:41,222 DEBUG [Forwarding newSession on session null to remote] DefaultManagedHttpClientConnection:90 - http-outgoing-1: set socket timeout to 10800000
2018-06-03 14:08:41,223 DEBUG [Forwarding newSession on session null to remote] MainClientExec:255 - Executing request POST /session HTTP/1.1
2018-06-03 14:08:41,223 DEBUG [Forwarding newSession on session null to remote] MainClientExec:260 - Target auth state: UNCHALLENGED
2018-06-03 14:08:41,224 DEBUG [Forwarding newSession on session null to remote] MainClientExec:266 - Proxy auth state: UNCHALLENGED
2018-06-03 14:08:41,224 DEBUG [Forwarding newSession on session null to remote] headers:135 - http-outgoing-1 >> POST /session HTTP/1.1
2018-06-03 14:08:41,225 DEBUG [Forwarding newSession on session null to remote] headers:138 - http-outgoing-1 >> Content-Type: application/json; charset=utf-8
2018-06-03 14:08:41,226 DEBUG [Forwarding newSession on session null to remote] headers:138 - http-outgoing-1 >> Content-Length: 122
2018-06-03 14:08:41,226 DEBUG [Forwarding newSession on session null to remote] headers:138 - http-outgoing-1 >> Host: localhost:36569
2018-06-03 14:08:41,227 DEBUG [Forwarding newSession on session null to remote] headers:138 - http-outgoing-1 >> Connection: Keep-Alive
2018-06-03 14:08:41,227 DEBUG [Forwarding newSession on session null to remote] headers:138 - http-outgoing-1 >> User-Agent: Apache-HttpClient/4.5.1 (Java/1.8.0_161)
2018-06-03 14:08:41,227 DEBUG [Forwarding newSession on session null to remote] headers:138 - http-outgoing-1 >> Accept-Encoding: gzip,deflate
2018-06-03 14:08:41,228 DEBUG [Forwarding newSession on session null to remote] wire:72 - http-outgoing-1 >> "POST /session HTTP/1.1[\r][\n]"
2018-06-03 14:08:41,229 DEBUG [Forwarding newSession on session null to remote] wire:72 - http-outgoing-1 >> "Content-Type: application/json; charset=utf-8[\r][\n]"
2018-06-03 14:08:41,229 DEBUG [Forwarding newSession on session null to remote] wire:72 - http-outgoing-1 >> "Content-Length: 122[\r][\n]"
2018-06-03 14:08:41,230 DEBUG [Forwarding newSession on session null to remote] wire:72 - http-outgoing-1 >> "Host: localhost:36569[\r][\n]"
2018-06-03 14:08:41,230 DEBUG [Forwarding newSession on session null to remote] wire:72 - http-outgoing-1 >> "Connection: Keep-Alive[\r][\n]"
2018-06-03 14:08:41,232 DEBUG [Forwarding newSession on session null to remote] wire:72 - http-outgoing-1 >> "User-Agent: Apache-HttpClient/4.5.1 (Java/1.8.0_161)[\r][\n]"
2018-06-03 14:08:41,233 DEBUG [Forwarding newSession on session null to remote] wire:72 - http-outgoing-1 >> "Accept-Encoding: gzip,deflate[\r][\n]"
2018-06-03 14:08:41,234 DEBUG [Forwarding newSession on session null to remote] wire:72 - http-outgoing-1 >> "[\r][\n]"
2018-06-03 14:08:41,235 DEBUG [Forwarding newSession on session null to remote] wire:86 - http-outgoing-1 >> "{"desiredCapabilities":{"browserName":"chrome","chromeOptions":{"args":[],"extensions":[]},"version":"","platform":"ANY"}}"
2018-06-03 14:08:43,297 DEBUG [Forwarding newSession on session null to remote] wire:72 - http-outgoing-1 << "HTTP/1.1 200 OK[\r][\n]"
2018-06-03 14:08:43,298 DEBUG [Forwarding newSession on session null to remote] wire:72 - http-outgoing-1 << "Content-Length:827[\r][\n]"
2018-06-03 14:08:43,298 DEBUG [Forwarding newSession on session null to remote] wire:72 - http-outgoing-1 << "Content-Type:application/json; charset=utf-8[\r][\n]"
2018-06-03 14:08:43,298 DEBUG [Forwarding newSession on session null to remote] wire:72 - http-outgoing-1 << "[\r][\n]"
2018-06-03 14:08:43,298 DEBUG [Forwarding newSession on session null to remote] wire:86 - http-outgoing-1 << "{"sessionId":"ad6b1eb2cabe3ceeb21583ccc861980d","status":0,"value":{"acceptInsecureCerts":false,"acceptSslCerts":false,"applicationCacheEnabled":false,"browserConnectionEnabled":false,"browserName":"chrome","chrome":{"chromedriverVersion":"2.36.540470 (e522d04694c7ebea4ba8821272dbef4f9b818c91)","userDataDir":"C:\\Users\\User\\AppData\\Local\\Temp\\scoped_dir2396_7978"},"cssSelectorsEnabled":true,"databaseEnabled":false,"handlesAlerts":true,"hasTouchScreen":false,"javascriptEnabled":true,"locationContextEnabled":true,"mobileEmulationEnabled":false,"nativeEvents":true,"networkConnectionEnabled":false,"pageLoadStrategy":"normal","platform":"Windows NT","rotatable":false,"setWindowRect":true,"takesHeapSnapshot":true,"takesScreenshot":true,"unexpectedAlertBehaviour":"","version":"66.0.3359.181","webStorageEnabled":true}}"
2018-06-03 14:08:43,298 DEBUG [Forwarding newSession on session null to remote] headers:124 - http-outgoing-1 << HTTP/1.1 200 OK
2018-06-03 14:08:43,301 DEBUG [Forwarding newSession on session null to remote] headers:127 - http-outgoing-1 << Content-Length:827
2018-06-03 14:08:43,301 DEBUG [Forwarding newSession on session null to remote] headers:127 - http-outgoing-1 << Content-Type:application/json; charset=utf-8
2018-06-03 14:08:43,302 DEBUG [Forwarding newSession on session null to remote] MainClientExec:284 - Connection can be kept alive indefinitely
2018-06-03 14:08:43,302 DEBUG [Forwarding newSession on session null to remote] PoolingHttpClientConnectionManager:314 - Connection [id: 1][route: {}->http://localhost:36569] can be kept alive indefinitely
2018-06-03 14:08:43,302 DEBUG [Forwarding newSession on session null to remote] PoolingHttpClientConnectionManager:320 - Connection released: [id: 1][route: {}->http://localhost:36569][total kept alive: 1; route allocated: 1 of 2000; total allocated: 1 of 2000]
2018-06-03 14:08:43,311 DEBUG [Forwarding maximizeWindow on session ad6b1eb2cabe3ceeb21583ccc861980d to remote] RequestAddCookies:122 - CookieSpec selected: default
2018-06-03 14:08:43,311 DEBUG [Forwarding maximizeWindow on session ad6b1eb2cabe3ceeb21583ccc861980d to remote] RequestAuthCache:76 - Auth cache not set in the context
2018-06-03 14:08:43,312 DEBUG [Forwarding maximizeWindow on session ad6b1eb2cabe3ceeb21583ccc861980d to remote] PoolingHttpClientConnectionManager:249 - Connection request: [route: {}->http://localhost:36569][total kept alive: 1; route allocated: 1 of 2000; total allocated: 1 of 2000]
2018-06-03 14:08:43,312 DEBUG [Forwarding maximizeWindow on session ad6b1eb2cabe3ceeb21583ccc861980d to remote] PoolingHttpClientConnectionManager:282 - Connection leased: [id: 1][route: {}->http://localhost:36569][total kept alive: 0; route allocated: 1 of 2000; total allocated: 1 of 2000]
2018-06-03 14:08:43,312 DEBUG [Forwarding maximizeWindow on session ad6b1eb2cabe3ceeb21583ccc861980d to remote] MainClientExec:207 - Stale connection check
2018-06-03 14:08:43,314 DEBUG [Forwarding maximizeWindow on session ad6b1eb2cabe3ceeb21583ccc861980d to remote] wire:86 - http-outgoing-1 << "[read] I/O error: Read timed out"
2018-06-03 14:08:43,314 DEBUG [Forwarding maximizeWindow on session ad6b1eb2cabe3ceeb21583ccc861980d to remote] DefaultManagedHttpClientConnection:90 - http-outgoing-1: set socket timeout to 10800000
2018-06-03 14:08:43,315 DEBUG [Forwarding maximizeWindow on session ad6b1eb2cabe3ceeb21583ccc861980d to remote] MainClientExec:255 - Executing request POST /session/ad6b1eb2cabe3ceeb21583ccc861980d/window/current/maximize HTTP/1.1
2018-06-03 14:08:43,315 DEBUG [Forwarding maximizeWindow on session ad6b1eb2cabe3ceeb21583ccc861980d to remote] MainClientExec:260 - Target auth state: UNCHALLENGED
2018-06-03 14:08:43,315 DEBUG [Forwarding maximizeWindow on session ad6b1eb2cabe3ceeb21583ccc861980d to remote] MainClientExec:266 - Proxy auth state: UNCHALLENGED
2018-06-03 14:08:43,316 DEBUG [Forwarding maximizeWindow on session ad6b1eb2cabe3ceeb21583ccc861980d to remote] headers:135 - http-outgoing-1 >> POST /session/ad6b1eb2cabe3ceeb21583ccc861980d/window/current/maximize HTTP/1.1
2018-06-03 14:08:43,316 DEBUG [Forwarding maximizeWindow on session ad6b1eb2cabe3ceeb21583ccc861980d to remote] headers:138 - http-outgoing-1 >> Content-Type: application/json; charset=utf-8
2018-06-03 14:08:43,316 DEBUG [Forwarding maximizeWindow on session ad6b1eb2cabe3ceeb21583ccc861980d to remote] headers:138 - http-outgoing-1 >> Content-Length: 26
2018-06-03 14:08:43,317 DEBUG [Forwarding maximizeWindow on session ad6b1eb2cabe3ceeb21583ccc861980d to remote] headers:138 - http-outgoing-1 >> Host: localhost:36569
2018-06-03 14:08:43,317 DEBUG [Forwarding maximizeWindow on session ad6b1eb2cabe3ceeb21583ccc861980d to remote] headers:138 - http-outgoing-1 >> Connection: Keep-Alive
2018-06-03 14:08:43,317 DEBUG [Forwarding maximizeWindow on session ad6b1eb2cabe3ceeb21583ccc861980d to remote] headers:138 - http-outgoing-1 >> User-Agent: Apache-HttpClient/4.5.1 (Java/1.8.0_161)
2018-06-03 14:08:43,317 DEBUG [Forwarding maximizeWindow on session ad6b1eb2cabe3ceeb21583ccc861980d to remote] headers:138 - http-outgoing-1 >> Accept-Encoding: gzip,deflate
2018-06-03 14:08:43,317 DEBUG [Forwarding maximizeWindow on session ad6b1eb2cabe3ceeb21583ccc861980d to remote] wire:72 - http-outgoing-1 >> "POST /session/ad6b1eb2cabe3ceeb21583ccc861980d/window/current/maximize HTTP/1.1[\r][\n]"
2018-06-03 14:08:43,317 DEBUG [Forwarding maximizeWindow on session ad6b1eb2cabe3ceeb21583ccc861980d to remote] wire:72 - http-outgoing-1 >> "Content-Type: application/json; charset=utf-8[\r][\n]"
2018-06-03 14:08:43,318 DEBUG [Forwarding maximizeWindow on session ad6b1eb2cabe3ceeb21583ccc861980d to remote] wire:72 - http-outgoing-1 >> "Content-Length: 26[\r][\n]"
2018-06-03 14:08:43,318 DEBUG [Forwarding maximizeWindow on session ad6b1eb2cabe3ceeb21583ccc861980d to remote] wire:72 - http-outgoing-1 >> "Host: localhost:36569[\r][\n]"
2018-06-03 14:08:43,318 DEBUG [Forwarding maximizeWindow on session ad6b1eb2cabe3ceeb21583ccc861980d to remote] wire:72 - http-outgoing-1 >> "Connection: Keep-Alive[\r][\n]"
2018-06-03 14:08:43,318 DEBUG [Forwarding maximizeWindow on session ad6b1eb2cabe3ceeb21583ccc861980d to remote] wire:72 - http-outgoing-1 >> "User-Agent: Apache-HttpClient/4.5.1 (Java/1.8.0_161)[\r][\n]"
2018-06-03 14:08:43,318 DEBUG [Forwarding maximizeWindow on session ad6b1eb2cabe3ceeb21583ccc861980d to remote] wire:72 - http-outgoing-1 >> "Accept-Encoding: gzip,deflate[\r][\n]"
2018-06-03 14:08:43,319 DEBUG [Forwarding maximizeWindow on session ad6b1eb2cabe3ceeb21583ccc861980d to remote] wire:72 - http-outgoing-1 >> "[\r][\n]"
2018-06-03 14:08:43,319 DEBUG [Forwarding maximizeWindow on session ad6b1eb2cabe3ceeb21583ccc861980d to remote] wire:86 - http-outgoing-1 >> "{"windowHandle":"current"}"
2018-06-03 14:08:44,470 DEBUG [Forwarding maximizeWindow on session ad6b1eb2cabe3ceeb21583ccc861980d to remote] wire:72 - http-outgoing-1 << "HTTP/1.1 200 OK[\r][\n]"
2018-06-03 14:08:44,471 DEBUG [Forwarding maximizeWindow on session ad6b1eb2cabe3ceeb21583ccc861980d to remote] wire:72 - http-outgoing-1 << "Content-Length:72[\r][\n]"
2018-06-03 14:08:44,471 DEBUG [Forwarding maximizeWindow on session ad6b1eb2cabe3ceeb21583ccc861980d to remote] wire:72 - http-outgoing-1 << "Content-Type:application/json; charset=utf-8[\r][\n]"
2018-06-03 14:08:44,471 DEBUG [Forwarding maximizeWindow on session ad6b1eb2cabe3ceeb21583ccc861980d to remote] wire:72 - http-outgoing-1 << "[\r][\n]"
2018-06-03 14:08:44,471 DEBUG [Forwarding maximizeWindow on session ad6b1eb2cabe3ceeb21583ccc861980d to remote] wire:86 - http-outgoing-1 << "{"sessionId":"ad6b1eb2cabe3ceeb21583ccc861980d","status":0,"value":null}"
2018-06-03 14:08:44,472 DEBUG [Forwarding maximizeWindow on session ad6b1eb2cabe3ceeb21583ccc861980d to remote] headers:124 - http-outgoing-1 << HTTP/1.1 200 OK
2018-06-03 14:08:44,472 DEBUG [Forwarding maximizeWindow on session ad6b1eb2cabe3ceeb21583ccc861980d to remote] headers:127 - http-outgoing-1 << Content-Length:72
2018-06-03 14:08:44,472 DEBUG [Forwarding maximizeWindow on session ad6b1eb2cabe3ceeb21583ccc861980d to remote] headers:127 - http-outgoing-1 << Content-Type:application/json; charset=utf-8
2018-06-03 14:08:44,472 DEBUG [Forwarding maximizeWindow on session ad6b1eb2cabe3ceeb21583ccc861980d to remote] MainClientExec:284 - Connection can be kept alive indefinitely
2018-06-03 14:08:44,473 DEBUG [Forwarding maximizeWindow on session ad6b1eb2cabe3ceeb21583ccc861980d to remote] PoolingHttpClientConnectionManager:314 - Connection [id: 1][route: {}->http://localhost:36569] can be kept alive indefinitely
2018-06-03 14:08:44,473 DEBUG [Forwarding maximizeWindow on session ad6b1eb2cabe3ceeb21583ccc861980d to remote] PoolingHttpClientConnectionManager:320 - Connection released: [id: 1][route: {}->http://localhost:36569][total kept alive: 1; route allocated: 1 of 2000; total allocated: 1 of 2000]
2018-06-03 14:08:44,474 DEBUG [Forwarding deleteAllCookies on session ad6b1eb2cabe3ceeb21583ccc861980d to remote] RequestAddCookies:122 - CookieSpec selected: default
2018-06-03 14:08:44,474 DEBUG [Forwarding deleteAllCookies on session ad6b1eb2cabe3ceeb21583ccc861980d to remote] RequestAuthCache:76 - Auth cache not set in the context
2018-06-03 14:08:44,474 DEBUG [Forwarding deleteAllCookies on session ad6b1eb2cabe3ceeb21583ccc861980d to remote] PoolingHttpClientConnectionManager:249 - Connection request: [route: {}->http://localhost:36569][total kept alive: 1; route allocated: 1 of 2000; total allocated: 1 of 2000]
2018-06-03 14:08:44,475 DEBUG [Forwarding deleteAllCookies on session ad6b1eb2cabe3ceeb21583ccc861980d to remote] PoolingHttpClientConnectionManager:282 - Connection leased: [id: 1][route: {}->http://localhost:36569][total kept alive: 0; route allocated: 1 of 2000; total allocated: 1 of 2000]
2018-06-03 14:08:44,475 DEBUG [Forwarding deleteAllCookies on session ad6b1eb2cabe3ceeb21583ccc861980d to remote] MainClientExec:207 - Stale connection check
2018-06-03 14:08:44,476 DEBUG [Forwarding deleteAllCookies on session ad6b1eb2cabe3ceeb21583ccc861980d to remote] wire:86 - http-outgoing-1 << "[read] I/O error: Read timed out"
2018-06-03 14:08:44,476 DEBUG [Forwarding deleteAllCookies on session ad6b1eb2cabe3ceeb21583ccc861980d to remote] DefaultManagedHttpClientConnection:90 - http-outgoing-1: set socket timeout to 10800000
2018-06-03 14:08:44,476 DEBUG [Forwarding deleteAllCookies on session ad6b1eb2cabe3ceeb21583ccc861980d to remote] MainClientExec:255 - Executing request DELETE /session/ad6b1eb2cabe3ceeb21583ccc861980d/cookie HTTP/1.1
2018-06-03 14:08:44,476 DEBUG [Forwarding deleteAllCookies on session ad6b1eb2cabe3ceeb21583ccc861980d to remote] MainClientExec:260 - Target auth state: UNCHALLENGED
2018-06-03 14:08:44,476 DEBUG [Forwarding deleteAllCookies on session ad6b1eb2cabe3ceeb21583ccc861980d to remote] MainClientExec:266 - Proxy auth state: UNCHALLENGED
2018-06-03 14:08:44,477 DEBUG [Forwarding deleteAllCookies on session ad6b1eb2cabe3ceeb21583ccc861980d to remote] headers:135 - http-outgoing-1 >> DELETE /session/ad6b1eb2cabe3ceeb21583ccc861980d/cookie HTTP/1.1
2018-06-03 14:08:44,477 DEBUG [Forwarding deleteAllCookies on session ad6b1eb2cabe3ceeb21583ccc861980d to remote] headers:138 - http-outgoing-1 >> Host: localhost:36569
2018-06-03 14:08:44,477 DEBUG [Forwarding deleteAllCookies on session ad6b1eb2cabe3ceeb21583ccc861980d to remote] headers:138 - http-outgoing-1 >> Connection: Keep-Alive
2018-06-03 14:08:44,477 DEBUG [Forwarding deleteAllCookies on session ad6b1eb2cabe3ceeb21583ccc861980d to remote] headers:138 - http-outgoing-1 >> User-Agent: Apache-HttpClient/4.5.1 (Java/1.8.0_161)
2018-06-03 14:08:44,477 DEBUG [Forwarding deleteAllCookies on session ad6b1eb2cabe3ceeb21583ccc861980d to remote] headers:138 - http-outgoing-1 >> Accept-Encoding: gzip,deflate
2018-06-03 14:08:44,478 DEBUG [Forwarding deleteAllCookies on session ad6b1eb2cabe3ceeb21583ccc861980d to remote] wire:72 - http-outgoing-1 >> "DELETE /session/ad6b1eb2cabe3ceeb21583ccc861980d/cookie HTTP/1.1[\r][\n]"
2018-06-03 14:08:44,478 DEBUG [Forwarding deleteAllCookies on session ad6b1eb2cabe3ceeb21583ccc861980d to remote] wire:72 - http-outgoing-1 >> "Host: localhost:36569[\r][\n]"
2018-06-03 14:08:44,478 DEBUG [Forwarding deleteAllCookies on session ad6b1eb2cabe3ceeb21583ccc861980d to remote] wire:72 - http-outgoing-1 >> "Connection: Keep-Alive[\r][\n]"
2018-06-03 14:08:44,478 DEBUG [Forwarding deleteAllCookies on session ad6b1eb2cabe3ceeb21583ccc861980d to remote] wire:72 - http-outgoing-1 >> "User-Agent: Apache-HttpClient/4.5.1 (Java/1.8.0_161)[\r][\n]"
2018-06-03 14:08:44,478 DEBUG [Forwarding deleteAllCookies on session ad6b1eb2cabe3ceeb21583ccc861980d to remote] wire:72 - http-outgoing-1 >> "Accept-Encoding: gzip,deflate[\r][\n]"
2018-06-03 14:08:44,478 DEBUG [Forwarding deleteAllCookies on session ad6b1eb2cabe3ceeb21583ccc861980d to remote] wire:72 - http-outgoing-1 >> "[\r][\n]"
2018-06-03 14:08:45,263 DEBUG [Forwarding deleteAllCookies on session ad6b1eb2cabe3ceeb21583ccc861980d to remote] wire:72 - http-outgoing-1 << "HTTP/1.1 200 OK[\r][\n]"
2018-06-03 14:08:45,273 DEBUG [Forwarding deleteAllCookies on session ad6b1eb2cabe3ceeb21583ccc861980d to remote] wire:72 - http-outgoing-1 << "Content-Length:72[\r][\n]"
2018-06-03 14:08:45,274 DEBUG [Forwarding deleteAllCookies on session ad6b1eb2cabe3ceeb21583ccc861980d to remote] wire:72 - http-outgoing-1 << "Content-Type:application/json; charset=utf-8[\r][\n]"
2018-06-03 14:08:45,274 DEBUG [Forwarding deleteAllCookies on session ad6b1eb2cabe3ceeb21583ccc861980d to remote] wire:72 - http-outgoing-1 << "[\r][\n]"
2018-06-03 14:08:45,274 DEBUG [Forwarding deleteAllCookies on session ad6b1eb2cabe3ceeb21583ccc861980d to remote] wire:86 - http-outgoing-1 << "{"sessionId":"ad6b1eb2cabe3ceeb21583ccc861980d","status":0,"value":null}"
2018-06-03 14:08:45,274 DEBUG [Forwarding deleteAllCookies on session ad6b1eb2cabe3ceeb21583ccc861980d to remote] headers:124 - http-outgoing-1 << HTTP/1.1 200 OK
2018-06-03 14:08:45,274 DEBUG [Forwarding deleteAllCookies on session ad6b1eb2cabe3ceeb21583ccc861980d to remote] headers:127 - http-outgoing-1 << Content-Length:72
2018-06-03 14:08:45,274 DEBUG [Forwarding deleteAllCookies on session ad6b1eb2cabe3ceeb21583ccc861980d to remote] headers:127 - http-outgoing-1 << Content-Type:application/json; charset=utf-8
2018-06-03 14:08:45,275 DEBUG [Forwarding deleteAllCookies on session ad6b1eb2cabe3ceeb21583ccc861980d to remote] MainClientExec:284 - Connection can be kept alive indefinitely
2018-06-03 14:08:45,275 DEBUG [Forwarding deleteAllCookies on session ad6b1eb2cabe3ceeb21583ccc861980d to remote] PoolingHttpClientConnectionManager:314 - Connection [id: 1][route: {}->http://localhost:36569] can be kept alive indefinitely
2018-06-03 14:08:45,275 DEBUG [Forwarding deleteAllCookies on session ad6b1eb2cabe3ceeb21583ccc861980d to remote] PoolingHttpClientConnectionManager:320 - Connection released: [id: 1][route: {}->http://localhost:36569][total kept alive: 1; route allocated: 1 of 2000; total allocated: 1 of 2000]
2018-06-03 14:08:45,278 DEBUG [Forwarding setTimeout on session ad6b1eb2cabe3ceeb21583ccc861980d to remote] RequestAddCookies:122 - CookieSpec selected: default
2018-06-03 14:08:45,279 DEBUG [Forwarding setTimeout on session ad6b1eb2cabe3ceeb21583ccc861980d to remote] RequestAuthCache:76 - Auth cache not set in the context
2018-06-03 14:08:45,279 DEBUG [Forwarding setTimeout on session ad6b1eb2cabe3ceeb21583ccc861980d to remote] PoolingHttpClientConnectionManager:249 - Connection request: [route: {}->http://localhost:36569][total kept alive: 1; route allocated: 1 of 2000; total allocated: 1 of 2000]
2018-06-03 14:08:45,279 DEBUG [Forwarding setTimeout on session ad6b1eb2cabe3ceeb21583ccc861980d to remote] PoolingHttpClientConnectionManager:282 - Connection leased: [id: 1][route: {}->http://localhost:36569][total kept alive: 0; route allocated: 1 of 2000; total allocated: 1 of 2000]
2018-06-03 14:08:45,279 DEBUG [Forwarding setTimeout on session ad6b1eb2cabe3ceeb21583ccc861980d to remote] MainClientExec:207 - Stale connection check
2018-06-03 14:08:45,282 DEBUG [Forwarding setTimeout on session ad6b1eb2cabe3ceeb21583ccc861980d to remote] wire:86 - http-outgoing-1 << "[read] I/O error: Read timed out"
2018-06-03 14:08:45,284 DEBUG [Forwarding setTimeout on session ad6b1eb2cabe3ceeb21583ccc861980d to remote] DefaultManagedHttpClientConnection:90 - http-outgoing-1: set socket timeout to 10800000
2018-06-03 14:08:45,284 DEBUG [Forwarding setTimeout on session ad6b1eb2cabe3ceeb21583ccc861980d to remote] MainClientExec:255 - Executing request POST /session/ad6b1eb2cabe3ceeb21583ccc861980d/timeouts HTTP/1.1
2018-06-03 14:08:45,284 DEBUG [Forwarding setTimeout on session ad6b1eb2cabe3ceeb21583ccc861980d to remote] MainClientExec:260 - Target auth state: UNCHALLENGED
2018-06-03 14:08:45,284 DEBUG [Forwarding setTimeout on session ad6b1eb2cabe3ceeb21583ccc861980d to remote] MainClientExec:266 - Proxy auth state: UNCHALLENGED
2018-06-03 14:08:45,285 DEBUG [Forwarding setTimeout on session ad6b1eb2cabe3ceeb21583ccc861980d to remote] headers:135 - http-outgoing-1 >> POST /session/ad6b1eb2cabe3ceeb21583ccc861980d/timeouts HTTP/1.1
2018-06-03 14:08:45,285 DEBUG [Forwarding setTimeout on session ad6b1eb2cabe3ceeb21583ccc861980d to remote] headers:138 - http-outgoing-1 >> Content-Type: application/json; charset=utf-8
2018-06-03 14:08:45,285 DEBUG [Forwarding setTimeout on session ad6b1eb2cabe3ceeb21583ccc861980d to remote] headers:138 - http-outgoing-1 >> Content-Length: 31
2018-06-03 14:08:45,285 DEBUG [Forwarding setTimeout on session ad6b1eb2cabe3ceeb21583ccc861980d to remote] headers:138 - http-outgoing-1 >> Host: localhost:36569
2018-06-03 14:08:45,285 DEBUG [Forwarding setTimeout on session ad6b1eb2cabe3ceeb21583ccc861980d to remote] headers:138 - http-outgoing-1 >> Connection: Keep-Alive
2018-06-03 14:08:45,285 DEBUG [Forwarding setTimeout on session ad6b1eb2cabe3ceeb21583ccc861980d to remote] headers:138 - http-outgoing-1 >> User-Agent: Apache-HttpClient/4.5.1 (Java/1.8.0_161)
2018-06-03 14:08:45,286 DEBUG [Forwarding setTimeout on session ad6b1eb2cabe3ceeb21583ccc861980d to remote] headers:138 - http-outgoing-1 >> Accept-Encoding: gzip,deflate
2018-06-03 14:08:45,286 DEBUG [Forwarding setTimeout on session ad6b1eb2cabe3ceeb21583ccc861980d to remote] wire:72 - http-outgoing-1 >> "POST /session/ad6b1eb2cabe3ceeb21583ccc861980d/timeouts HTTP/1.1[\r][\n]"
2018-06-03 14:08:45,286 DEBUG [Forwarding setTimeout on session ad6b1eb2cabe3ceeb21583ccc861980d to remote] wire:72 - http-outgoing-1 >> "Content-Type: application/json; charset=utf-8[\r][\n]"
2018-06-03 14:08:45,286 DEBUG [Forwarding setTimeout on session ad6b1eb2cabe3ceeb21583ccc861980d to remote] wire:72 - http-outgoing-1 >> "Content-Length: 31[\r][\n]"
2018-06-03 14:08:45,292 DEBUG [Forwarding setTimeout on session ad6b1eb2cabe3ceeb21583ccc861980d to remote] wire:72 - http-outgoing-1 >> "Host: localhost:36569[\r][\n]"
2018-06-03 14:08:45,292 DEBUG [Forwarding setTimeout on session ad6b1eb2cabe3ceeb21583ccc861980d to remote] wire:72 - http-outgoing-1 >> "Connection: Keep-Alive[\r][\n]"
2018-06-03 14:08:45,292 DEBUG [Forwarding setTimeout on session ad6b1eb2cabe3ceeb21583ccc861980d to remote] wire:72 - http-outgoing-1 >> "User-Agent: Apache-HttpClient/4.5.1 (Java/1.8.0_161)[\r][\n]"
2018-06-03 14:08:45,293 DEBUG [Forwarding setTimeout on session ad6b1eb2cabe3ceeb21583ccc861980d to remote] wire:72 - http-outgoing-1 >> "Accept-Encoding: gzip,deflate[\r][\n]"
2018-06-03 14:08:45,293 DEBUG [Forwarding setTimeout on session ad6b1eb2cabe3ceeb21583ccc861980d to remote] wire:72 - http-outgoing-1 >> "[\r][\n]"
2018-06-03 14:08:45,293 DEBUG [Forwarding setTimeout on session ad6b1eb2cabe3ceeb21583ccc861980d to remote] wire:86 - http-outgoing-1 >> "{"type":"page load","ms":20000}"
2018-06-03 14:08:45,296 DEBUG [Forwarding setTimeout on session ad6b1eb2cabe3ceeb21583ccc861980d to remote] wire:72 - http-outgoing-1 << "HTTP/1.1 200 OK[\r][\n]"
2018-06-03 14:08:45,296 DEBUG [Forwarding setTimeout on session ad6b1eb2cabe3ceeb21583ccc861980d to remote] wire:72 - http-outgoing-1 << "Content-Length:72[\r][\n]"
2018-06-03 14:08:45,296 DEBUG [Forwarding setTimeout on session ad6b1eb2cabe3ceeb21583ccc861980d to remote] wire:72 - http-outgoing-1 << "Content-Type:application/json; charset=utf-8[\r][\n]"
2018-06-03 14:08:45,297 DEBUG [Forwarding setTimeout on session ad6b1eb2cabe3ceeb21583ccc861980d to remote] wire:72 - http-outgoing-1 << "[\r][\n]"
2018-06-03 14:08:45,297 DEBUG [Forwarding setTimeout on session ad6b1eb2cabe3ceeb21583ccc861980d to remote] wire:86 - http-outgoing-1 << "{"sessionId":"ad6b1eb2cabe3ceeb21583ccc861980d","status":0,"value":null}"
2018-06-03 14:08:45,297 DEBUG [Forwarding setTimeout on session ad6b1eb2cabe3ceeb21583ccc861980d to remote] headers:124 - http-outgoing-1 << HTTP/1.1 200 OK
2018-06-03 14:08:45,298 DEBUG [Forwarding setTimeout on session ad6b1eb2cabe3ceeb21583ccc861980d to remote] headers:127 - http-outgoing-1 << Content-Length:72
2018-06-03 14:08:45,298 DEBUG [Forwarding setTimeout on session ad6b1eb2cabe3ceeb21583ccc861980d to remote] headers:127 - http-outgoing-1 << Content-Type:application/json; charset=utf-8
2018-06-03 14:08:45,298 DEBUG [Forwarding setTimeout on session ad6b1eb2cabe3ceeb21583ccc861980d to remote] MainClientExec:284 - Connection can be kept alive indefinitely
2018-06-03 14:08:45,299 DEBUG [Forwarding setTimeout on session ad6b1eb2cabe3ceeb21583ccc861980d to remote] PoolingHttpClientConnectionManager:314 - Connection [id: 1][route: {}->http://localhost:36569] can be kept alive indefinitely
2018-06-03 14:08:45,299 DEBUG [Forwarding setTimeout on session ad6b1eb2cabe3ceeb21583ccc861980d to remote] PoolingHttpClientConnectionManager:320 - Connection released: [id: 1][route: {}->http://localhost:36569][total kept alive: 1; route allocated: 1 of 2000; total allocated: 1 of 2000]
2018-06-03 14:08:45,301 DEBUG [Forwarding setTimeout on session ad6b1eb2cabe3ceeb21583ccc861980d to remote] RequestAddCookies:122 - CookieSpec selected: default
2018-06-03 14:08:45,302 DEBUG [Forwarding setTimeout on session ad6b1eb2cabe3ceeb21583ccc861980d to remote] RequestAuthCache:76 - Auth cache not set in the context
2018-06-03 14:08:45,302 DEBUG [Forwarding setTimeout on session ad6b1eb2cabe3ceeb21583ccc861980d to remote] PoolingHttpClientConnectionManager:249 - Connection request: [route: {}->http://localhost:36569][total kept alive: 1; route allocated: 1 of 2000; total allocated: 1 of 2000]
2018-06-03 14:08:45,302 DEBUG [Forwarding setTimeout on session ad6b1eb2cabe3ceeb21583ccc861980d to remote] PoolingHttpClientConnectionManager:282 - Connection leased: [id: 1][route: {}->http://localhost:36569][total kept alive: 0; route allocated: 1 of 2000; total allocated: 1 of 2000]
2018-06-03 14:08:45,303 DEBUG [Forwarding setTimeout on session ad6b1eb2cabe3ceeb21583ccc861980d to remote] MainClientExec:207 - Stale connection check
2018-06-03 14:08:45,304 DEBUG [Forwarding setTimeout on session ad6b1eb2cabe3ceeb21583ccc861980d to remote] wire:86 - http-outgoing-1 << "[read] I/O error: Read timed out"
2018-06-03 14:08:45,304 DEBUG [Forwarding setTimeout on session ad6b1eb2cabe3ceeb21583ccc861980d to remote] DefaultManagedHttpClientConnection:90 - http-outgoing-1: set socket timeout to 10800000
2018-06-03 14:08:45,304 DEBUG [Forwarding setTimeout on session ad6b1eb2cabe3ceeb21583ccc861980d to remote] MainClientExec:255 - Executing request POST /session/ad6b1eb2cabe3ceeb21583ccc861980d/timeouts HTTP/1.1
2018-06-03 14:08:45,304 DEBUG [Forwarding setTimeout on session ad6b1eb2cabe3ceeb21583ccc861980d to remote] MainClientExec:260 - Target auth state: UNCHALLENGED
2018-06-03 14:08:45,305 DEBUG [Forwarding setTimeout on session ad6b1eb2cabe3ceeb21583ccc861980d to remote] MainClientExec:266 - Proxy auth state: UNCHALLENGED
2018-06-03 14:08:45,305 DEBUG [Forwarding setTimeout on session ad6b1eb2cabe3ceeb21583ccc861980d to remote] headers:135 - http-outgoing-1 >> POST /session/ad6b1eb2cabe3ceeb21583ccc861980d/timeouts HTTP/1.1
2018-06-03 14:08:45,306 DEBUG [Forwarding setTimeout on session ad6b1eb2cabe3ceeb21583ccc861980d to remote] headers:138 - http-outgoing-1 >> Content-Type: application/json; charset=utf-8
2018-06-03 14:08:45,306 DEBUG [Forwarding setTimeout on session ad6b1eb2cabe3ceeb21583ccc861980d to remote] headers:138 - http-outgoing-1 >> Content-Length: 30
2018-06-03 14:08:45,306 DEBUG [Forwarding setTimeout on session ad6b1eb2cabe3ceeb21583ccc861980d to remote] headers:138 - http-outgoing-1 >> Host: localhost:36569
2018-06-03 14:08:45,306 DEBUG [Forwarding setTimeout on session ad6b1eb2cabe3ceeb21583ccc861980d to remote] headers:138 - http-outgoing-1 >> Connection: Keep-Alive
2018-06-03 14:08:45,307 DEBUG [Forwarding setTimeout on session ad6b1eb2cabe3ceeb21583ccc861980d to remote] headers:138 - http-outgoing-1 >> User-Agent: Apache-HttpClient/4.5.1 (Java/1.8.0_161)
2018-06-03 14:08:45,307 DEBUG [Forwarding setTimeout on session ad6b1eb2cabe3ceeb21583ccc861980d to remote] headers:138 - http-outgoing-1 >> Accept-Encoding: gzip,deflate
2018-06-03 14:08:45,307 DEBUG [Forwarding setTimeout on session ad6b1eb2cabe3ceeb21583ccc861980d to remote] wire:72 - http-outgoing-1 >> "POST /session/ad6b1eb2cabe3ceeb21583ccc861980d/timeouts HTTP/1.1[\r][\n]"
2018-06-03 14:08:45,307 DEBUG [Forwarding setTimeout on session ad6b1eb2cabe3ceeb21583ccc861980d to remote] wire:72 - http-outgoing-1 >> "Content-Type: application/json; charset=utf-8[\r][\n]"
2018-06-03 14:08:45,308 DEBUG [Forwarding setTimeout on session ad6b1eb2cabe3ceeb21583ccc861980d to remote] wire:72 - http-outgoing-1 >> "Content-Length: 30[\r][\n]"
2018-06-03 14:08:45,308 DEBUG [Forwarding setTimeout on session ad6b1eb2cabe3ceeb21583ccc861980d to remote] wire:72 - http-outgoing-1 >> "Host: localhost:36569[\r][\n]"
2018-06-03 14:08:45,308 DEBUG [Forwarding setTimeout on session ad6b1eb2cabe3ceeb21583ccc861980d to remote] wire:72 - http-outgoing-1 >> "Connection: Keep-Alive[\r][\n]"
2018-06-03 14:08:45,309 DEBUG [Forwarding setTimeout on session ad6b1eb2cabe3ceeb21583ccc861980d to remote] wire:72 - http-outgoing-1 >> "User-Agent: Apache-HttpClient/4.5.1 (Java/1.8.0_161)[\r][\n]"
2018-06-03 14:08:45,309 DEBUG [Forwarding setTimeout on session ad6b1eb2cabe3ceeb21583ccc861980d to remote] wire:72 - http-outgoing-1 >> "Accept-Encoding: gzip,deflate[\r][\n]"
2018-06-03 14:08:45,309 DEBUG [Forwarding setTimeout on session ad6b1eb2cabe3ceeb21583ccc861980d to remote] wire:72 - http-outgoing-1 >> "[\r][\n]"
2018-06-03 14:08:45,309 DEBUG [Forwarding setTimeout on session ad6b1eb2cabe3ceeb21583ccc861980d to remote] wire:86 - http-outgoing-1 >> "{"type":"implicit","ms":10000}"
2018-06-03 14:08:45,310 DEBUG [Forwarding setTimeout on session ad6b1eb2cabe3ceeb21583ccc861980d to remote] wire:72 - http-outgoing-1 << "HTTP/1.1 200 OK[\r][\n]"
2018-06-03 14:08:45,310 DEBUG [Forwarding setTimeout on session ad6b1eb2cabe3ceeb21583ccc861980d to remote] wire:72 - http-outgoing-1 << "Content-Length:72[\r][\n]"
2018-06-03 14:08:45,310 DEBUG [Forwarding setTimeout on session ad6b1eb2cabe3ceeb21583ccc861980d to remote] wire:72 - http-outgoing-1 << "Content-Type:application/json; charset=utf-8[\r][\n]"
2018-06-03 14:08:45,311 DEBUG [Forwarding setTimeout on session ad6b1eb2cabe3ceeb21583ccc861980d to remote] wire:72 - http-outgoing-1 << "[\r][\n]"
2018-06-03 14:08:45,311 DEBUG [Forwarding setTimeout on session ad6b1eb2cabe3ceeb21583ccc861980d to remote] wire:86 - http-outgoing-1 << "{"sessionId":"ad6b1eb2cabe3ceeb21583ccc861980d","status":0,"value":null}"
2018-06-03 14:08:45,311 DEBUG [Forwarding setTimeout on session ad6b1eb2cabe3ceeb21583ccc861980d to remote] headers:124 - http-outgoing-1 << HTTP/1.1 200 OK
2018-06-03 14:08:45,312 DEBUG [Forwarding setTimeout on session ad6b1eb2cabe3ceeb21583ccc861980d to remote] headers:127 - http-outgoing-1 << Content-Length:72
2018-06-03 14:08:45,312 DEBUG [Forwarding setTimeout on session ad6b1eb2cabe3ceeb21583ccc861980d to remote] headers:127 - http-outgoing-1 << Content-Type:application/json; charset=utf-8
2018-06-03 14:08:45,312 DEBUG [Forwarding setTimeout on session ad6b1eb2cabe3ceeb21583ccc861980d to remote] MainClientExec:284 - Connection can be kept alive indefinitely
2018-06-03 14:08:45,313 DEBUG [Forwarding setTimeout on session ad6b1eb2cabe3ceeb21583ccc861980d to remote] PoolingHttpClientConnectionManager:314 - Connection [id: 1][route: {}->http://localhost:36569] can be kept alive indefinitely
2018-06-03 14:08:45,313 DEBUG [Forwarding setTimeout on session ad6b1eb2cabe3ceeb21583ccc861980d to remote] PoolingHttpClientConnectionManager:320 - Connection released: [id: 1][route: {}->http://localhost:36569][total kept alive: 1; route allocated: 1 of 2000; total allocated: 1 of 2000]
2018-06-03 14:08:45,316 DEBUG [Forwarding get on session ad6b1eb2cabe3ceeb21583ccc861980d to remote] RequestAddCookies:122 - CookieSpec selected: default
2018-06-03 14:08:45,316 DEBUG [Forwarding get on session ad6b1eb2cabe3ceeb21583ccc861980d to remote] RequestAuthCache:76 - Auth cache not set in the context
2018-06-03 14:08:45,317 DEBUG [Forwarding get on session ad6b1eb2cabe3ceeb21583ccc861980d to remote] PoolingHttpClientConnectionManager:249 - Connection request: [route: {}->http://localhost:36569][total kept alive: 1; route allocated: 1 of 2000; total allocated: 1 of 2000]
2018-06-03 14:08:45,317 DEBUG [Forwarding get on session ad6b1eb2cabe3ceeb21583ccc861980d to remote] PoolingHttpClientConnectionManager:282 - Connection leased: [id: 1][route: {}->http://localhost:36569][total kept alive: 0; route allocated: 1 of 2000; total allocated: 1 of 2000]
2018-06-03 14:08:45,317 DEBUG [Forwarding get on session ad6b1eb2cabe3ceeb21583ccc861980d to remote] MainClientExec:207 - Stale connection check
2018-06-03 14:08:45,318 DEBUG [Forwarding get on session ad6b1eb2cabe3ceeb21583ccc861980d to remote] wire:86 - http-outgoing-1 << "[read] I/O error: Read timed out"
2018-06-03 14:08:45,318 DEBUG [Forwarding get on session ad6b1eb2cabe3ceeb21583ccc861980d to remote] DefaultManagedHttpClientConnection:90 - http-outgoing-1: set socket timeout to 10800000
2018-06-03 14:08:45,318 DEBUG [Forwarding get on session ad6b1eb2cabe3ceeb21583ccc861980d to remote] MainClientExec:255 - Executing request POST /session/ad6b1eb2cabe3ceeb21583ccc861980d/url HTTP/1.1
2018-06-03 14:08:45,318 DEBUG [Forwarding get on session ad6b1eb2cabe3ceeb21583ccc861980d to remote] MainClientExec:260 - Target auth state: UNCHALLENGED
2018-06-03 14:08:45,318 DEBUG [Forwarding get on session ad6b1eb2cabe3ceeb21583ccc861980d to remote] MainClientExec:266 - Proxy auth state: UNCHALLENGED
2018-06-03 14:08:45,319 DEBUG [Forwarding get on session ad6b1eb2cabe3ceeb21583ccc861980d to remote] headers:135 - http-outgoing-1 >> POST /session/ad6b1eb2cabe3ceeb21583ccc861980d/url HTTP/1.1
2018-06-03 14:08:45,319 DEBUG [Forwarding get on session ad6b1eb2cabe3ceeb21583ccc861980d to remote] headers:138 - http-outgoing-1 >> Content-Type: application/json; charset=utf-8
2018-06-03 14:08:45,319 DEBUG [Forwarding get on session ad6b1eb2cabe3ceeb21583ccc861980d to remote] headers:138 - http-outgoing-1 >> Content-Length: 44
2018-06-03 14:08:45,319 DEBUG [Forwarding get on session ad6b1eb2cabe3ceeb21583ccc861980d to remote] headers:138 - http-outgoing-1 >> Host: localhost:36569
2018-06-03 14:08:45,319 DEBUG [Forwarding get on session ad6b1eb2cabe3ceeb21583ccc861980d to remote] headers:138 - http-outgoing-1 >> Connection: Keep-Alive
2018-06-03 14:08:45,319 DEBUG [Forwarding get on session ad6b1eb2cabe3ceeb21583ccc861980d to remote] headers:138 - http-outgoing-1 >> User-Agent: Apache-HttpClient/4.5.1 (Java/1.8.0_161)
2018-06-03 14:08:45,319 DEBUG [Forwarding get on session ad6b1eb2cabe3ceeb21583ccc861980d to remote] headers:138 - http-outgoing-1 >> Accept-Encoding: gzip,deflate
2018-06-03 14:08:45,320 DEBUG [Forwarding get on session ad6b1eb2cabe3ceeb21583ccc861980d to remote] wire:72 - http-outgoing-1 >> "POST /session/ad6b1eb2cabe3ceeb21583ccc861980d/url HTTP/1.1[\r][\n]"
2018-06-03 14:08:45,320 DEBUG [Forwarding get on session ad6b1eb2cabe3ceeb21583ccc861980d to remote] wire:72 - http-outgoing-1 >> "Content-Type: application/json; charset=utf-8[\r][\n]"
2018-06-03 14:08:45,320 DEBUG [Forwarding get on session ad6b1eb2cabe3ceeb21583ccc861980d to remote] wire:72 - http-outgoing-1 >> "Content-Length: 44[\r][\n]"
2018-06-03 14:08:45,320 DEBUG [Forwarding get on session ad6b1eb2cabe3ceeb21583ccc861980d to remote] wire:72 - http-outgoing-1 >> "Host: localhost:36569[\r][\n]"
2018-06-03 14:08:45,320 DEBUG [Forwarding get on session ad6b1eb2cabe3ceeb21583ccc861980d to remote] wire:72 - http-outgoing-1 >> "Connection: Keep-Alive[\r][\n]"
2018-06-03 14:08:45,320 DEBUG [Forwarding get on session ad6b1eb2cabe3ceeb21583ccc861980d to remote] wire:72 - http-outgoing-1 >> "User-Agent: Apache-HttpClient/4.5.1 (Java/1.8.0_161)[\r][\n]"
2018-06-03 14:08:45,321 DEBUG [Forwarding get on session ad6b1eb2cabe3ceeb21583ccc861980d to remote] wire:72 - http-outgoing-1 >> "Accept-Encoding: gzip,deflate[\r][\n]"
2018-06-03 14:08:45,321 DEBUG [Forwarding get on session ad6b1eb2cabe3ceeb21583ccc861980d to remote] wire:72 - http-outgoing-1 >> "[\r][\n]"
2018-06-03 14:08:45,321 DEBUG [Forwarding get on session ad6b1eb2cabe3ceeb21583ccc861980d to remote] wire:86 - http-outgoing-1 >> "{"url":"https://www.freecrm.com/index.html"}"
2018-06-03 14:09:05,333 DEBUG [Forwarding get on session ad6b1eb2cabe3ceeb21583ccc861980d to remote] wire:72 - http-outgoing-1 << "HTTP/1.1 200 OK[\r][\n]"
2018-06-03 14:09:05,333 DEBUG [Forwarding get on session ad6b1eb2cabe3ceeb21583ccc861980d to remote] wire:72 - http-outgoing-1 << "Content-Length:256[\r][\n]"
2018-06-03 14:09:05,334 DEBUG [Forwarding get on session ad6b1eb2cabe3ceeb21583ccc861980d to remote] wire:72 - http-outgoing-1 << "Content-Type:application/json; charset=utf-8[\r][\n]"
2018-06-03 14:09:05,334 DEBUG [Forwarding get on session ad6b1eb2cabe3ceeb21583ccc861980d to remote] wire:72 - http-outgoing-1 << "[\r][\n]"
2018-06-03 14:09:05,334 DEBUG [Forwarding get on session ad6b1eb2cabe3ceeb21583ccc861980d to remote] wire:86 - http-outgoing-1 << "{"sessionId":"ad6b1eb2cabe3ceeb21583ccc861980d","status":21,"value":{"message":"timeout\n  (Session info: chrome=66.0.3359.181)\n  (Driver info: chromedriver=2.36.540470 (e522d04694c7ebea4ba8821272dbef4f9b818c91),platform=Windows NT 6.1.7601 SP1 x86_64)"}}"
2018-06-03 14:09:05,334 DEBUG [Forwarding get on session ad6b1eb2cabe3ceeb21583ccc861980d to remote] headers:124 - http-outgoing-1 << HTTP/1.1 200 OK
2018-06-03 14:09:05,334 DEBUG [Forwarding get on session ad6b1eb2cabe3ceeb21583ccc861980d to remote] headers:127 - http-outgoing-1 << Content-Length:256
2018-06-03 14:09:05,335 DEBUG [Forwarding get on session ad6b1eb2cabe3ceeb21583ccc861980d to remote] headers:127 - http-outgoing-1 << Content-Type:application/json; charset=utf-8
2018-06-03 14:09:05,335 DEBUG [Forwarding get on session ad6b1eb2cabe3ceeb21583ccc861980d to remote] MainClientExec:284 - Connection can be kept alive indefinitely
2018-06-03 14:09:05,335 DEBUG [Forwarding get on session ad6b1eb2cabe3ceeb21583ccc861980d to remote] PoolingHttpClientConnectionManager:314 - Connection [id: 1][route: {}->http://localhost:36569] can be kept alive indefinitely
2018-06-03 14:09:05,335 DEBUG [Forwarding get on session ad6b1eb2cabe3ceeb21583ccc861980d to remote] PoolingHttpClientConnectionManager:320 - Connection released: [id: 1][route: {}->http://localhost:36569][total kept alive: 1; route allocated: 1 of 2000; total allocated: 1 of 2000]
